[0.018s] Invoking command in '/home/dakshata/ros2_ws/build/turtlebot3_gazebo': CMAKE_PREFIX_PATH=/home/dakshata/ros2_ws/install/my_turtlebot3_controller:/opt/ros/humble CONDA_PROMPT_MODIFIER=(base) /usr/bin/cmake /home/dakshata/ros2_ws/src/turtlebot3_simulations/turtlebot3_gazebo -DCMAKE_INSTALL_PREFIX=/home/dakshata/ros2_ws/install/turtlebot3_gazebo
[0.325s] -- The C compiler identification is GNU 11.4.0
[0.347s] -- The CXX compiler identification is GNU 11.4.0
[0.356s] -- Detecting C compiler ABI info
[0.445s] -- Detecting C compiler ABI info - done
[0.459s] -- Check for working C compiler: /usr/bin/cc - skipped
[0.460s] -- Detecting C compile features
[0.461s] -- Detecting C compile features - done
[0.466s] -- Detecting CXX compiler ABI info
[0.580s] -- Detecting CXX compiler ABI info - done
[0.587s] -- Check for working CXX compiler: /usr/bin/c++ - skipped
[0.587s] -- Detecting CXX compile features
[0.588s] -- Detecting CXX compile features - done
[0.593s] -- Found ament_cmake: 1.3.9 (/opt/ros/humble/share/ament_cmake/cmake)
[1.214s] -- Found Python3: /home/dakshata/anaconda3/bin/python3 (found version "3.11.7") found components: Interpreter 
[1.406s] [33mCMake Warning (dev) at /usr/share/cmake-3.22/Modules/FindPackageHandleStandardArgs.cmake:438 (message):
[1.406s]   The package name passed to `find_package_handle_standard_args` (PkgConfig)
[1.406s]   does not match the name of the calling package (gazebo).  This can lead to
[1.406s]   problems in calling code that expects `find_package` result variables
[1.406s]   (e.g., `_FOUND`) to follow a certain pattern.
[1.407s] Call Stack (most recent call first):
[1.407s]   /usr/share/cmake-3.22/Modules/FindPkgConfig.cmake:99 (find_package_handle_standard_args)
[1.407s]   /usr/lib/x86_64-linux-gnu/cmake/gazebo/gazebo-config.cmake:72 (include)
[1.407s]   CMakeLists.txt:23 (find_package)
[1.407s] This warning is for project developers.  Use -Wno-dev to suppress it.
[1.407s] [0m
[1.407s] -- Found PkgConfig: /usr/bin/pkg-config (found version "0.29.2") 
[1.413s] -- Checking for module 'bullet>=2.82'
[1.430s] --   Found bullet, version 3.05
[1.652s] -- Found fcl: /usr/include (found suitable version "0.7.0", minimum required is "0.5.0") 
[1.730s] -- Found assimp: /usr/include (found version "5.2.0") 
[1.807s] -- Found DART: /usr/include (Required is at least version "6.6") found components: dart 
[2.043s] -- Found Boost: /home/dakshata/anaconda3/lib/cmake/Boost-1.82.0/BoostConfig.cmake (found suitable version "1.82.0", minimum required is "1.40.0") found components: thread system filesystem program_options regex iostreams date_time 
[2.081s] [33mCMake Warning at /usr/share/cmake-3.22/Modules/FindProtobuf.cmake:524 (message):
[2.081s]   Protobuf compiler version 3.20.3 doesn't match library version 3.12.4
[2.082s] Call Stack (most recent call first):
[2.082s]   /usr/lib/x86_64-linux-gnu/cmake/gazebo/gazebo-config.cmake:203 (find_package)
[2.082s]   CMakeLists.txt:23 (find_package)
[2.082s] 
[2.082s] [0m
[2.083s] -- Found Protobuf: /usr/lib/x86_64-linux-gnu/libprotobuf.so (found version "3.12.4") 
[2.098s] -- Looking for ignition-math6 -- found version 6.15.1
[2.114s] -- Searching for dependencies of ignition-math6
[2.117s] -- Looking for OGRE...
[2.118s] -- OGRE_PREFIX_WATCH changed.
[2.123s] -- Checking for module 'OGRE'
[2.136s] --   Found OGRE, version 1.9.0
[2.166s] -- Found Ogre Ghadamon (1.9.0)
[2.185s] -- Found OGRE: optimized;/usr/lib/x86_64-linux-gnu/libOgreMain.so;debug;/usr/lib/x86_64-linux-gnu/libOgreMain.so
[2.194s] -- Looking for OGRE_Paging...
[2.199s] -- Found OGRE_Paging: optimized;/usr/lib/x86_64-linux-gnu/libOgrePaging.so;debug;/usr/lib/x86_64-linux-gnu/libOgrePaging.so
[2.199s] -- Looking for OGRE_Terrain...
[2.204s] -- Found OGRE_Terrain: optimized;/usr/lib/x86_64-linux-gnu/libOgreTerrain.so;debug;/usr/lib/x86_64-linux-gnu/libOgreTerrain.so
[2.204s] -- Looking for OGRE_Property...
[2.208s] -- Found OGRE_Property: optimized;/usr/lib/x86_64-linux-gnu/libOgreProperty.so;debug;/usr/lib/x86_64-linux-gnu/libOgreProperty.so
[2.208s] -- Looking for OGRE_RTShaderSystem...
[2.212s] -- Found OGRE_RTShaderSystem: optimized;/usr/lib/x86_64-linux-gnu/libOgreRTShaderSystem.so;debug;/usr/lib/x86_64-linux-gnu/libOgreRTShaderSystem.so
[2.213s] -- Looking for OGRE_Volume...
[2.217s] -- Found OGRE_Volume: optimized;/usr/lib/x86_64-linux-gnu/libOgreVolume.so;debug;/usr/lib/x86_64-linux-gnu/libOgreVolume.so
[2.217s] -- Looking for OGRE_Overlay...
[2.221s] -- Found OGRE_Overlay: optimized;/usr/lib/x86_64-linux-gnu/libOgreOverlay.so;debug;/usr/lib/x86_64-linux-gnu/libOgreOverlay.so
[2.347s] -- Looking for ignition-math6 -- found version 6.15.1
[2.351s] -- Looking for ignition-transport8 -- found version 8.2.1
[2.351s] -- Searching for dependencies of ignition-transport8
[2.371s] [33mCMake Warning at /usr/share/cmake-3.22/Modules/FindProtobuf.cmake:524 (message):
[2.371s]   Protobuf compiler version 3.20.3 doesn't match library version 3.12.4
[2.371s] Call Stack (most recent call first):
[2.371s]   /usr/share/cmake/ignition-cmake2/cmake2/FindIgnProtobuf.cmake:34 (find_package)
[2.371s]   /usr/lib/x86_64-linux-gnu/cmake/ignition-transport8/ignition-transport8-config.cmake:92 (find_package)
[2.371s]   /usr/lib/x86_64-linux-gnu/cmake/gazebo/gazebo-config.cmake:235 (find_package)
[2.371s]   CMakeLists.txt:23 (find_package)
[2.371s] 
[2.371s] [0m
[2.372s] -- Found Protobuf: /usr/lib/x86_64-linux-gnu/libprotobuf.so (found suitable version "3.12.4", minimum required is "3") 
[2.381s] -- Checking for module 'uuid'
[2.392s] --   Found uuid, version 2.37.2
[2.421s] -- Found UUID: TRUE  
[2.426s] -- Looking for ignition-msgs5 -- found version 5.8.1
[2.427s] -- Searching for dependencies of ignition-msgs5
[2.447s] [33mCMake Warning at /usr/share/cmake-3.22/Modules/FindProtobuf.cmake:524 (message):
[2.447s]   Protobuf compiler version 3.20.3 doesn't match library version 3.12.4
[2.447s] Call Stack (most recent call first):
[2.447s]   /usr/share/cmake/ignition-cmake2/cmake2/FindIgnProtobuf.cmake:34 (find_package)
[2.447s]   /usr/lib/x86_64-linux-gnu/cmake/ignition-msgs5/ignition-msgs5-config.cmake:92 (find_package)
[2.447s]   /usr/lib/x86_64-linux-gnu/cmake/ignition-transport8/ignition-transport8-config.cmake:96 (find_package)
[2.447s]   /usr/lib/x86_64-linux-gnu/cmake/gazebo/gazebo-config.cmake:235 (find_package)
[2.447s]   CMakeLists.txt:23 (find_package)
[2.447s] 
[2.447s] [0m
[2.449s] -- Looking for ignition-math6 -- found version 6.15.1
[2.454s] -- Checking for module 'tinyxml2'
[2.466s] --   Found tinyxml2, version 9.0.0
[2.496s] -- Looking for ignition-msgs5 -- found version 5.8.1
[2.501s] -- Looking for ignition-common3 -- found version 3.14.0
[2.501s] -- Searching for dependencies of ignition-common3
[2.502s] -- Looking for dlfcn.h - found
[2.502s] -- Looking for libdl - found
[2.504s] -- Found DL: TRUE  
[2.516s] -- Found tinyobjloader: /usr/lib/x86_64-linux-gnu/cmake/tinyobjloader/tinyobjloader-config.cmake (found version "2.0.0") 
[2.517s] -- Searching for <ignition-common3> component [graphics]
[2.521s] -- Looking for ignition-common3-graphics -- found version 3.14.0
[2.521s] -- Searching for dependencies of ignition-common3-graphics
[2.521s] -- Looking for ignition-math6 -- found version 6.15.1
[2.527s] -- Looking for ignition-fuel_tools4 -- found version 4.4.0
[2.527s] -- Searching for dependencies of ignition-fuel_tools4
[2.594s] -- Found CURL: /usr/lib/x86_64-linux-gnu/libcurl.so (found version "7.81.0")  
[2.606s] -- Checking for module 'jsoncpp'
[2.616s] --   Found jsoncpp, version 1.9.5
[2.643s] -- Found JSONCPP: TRUE  
[2.649s] -- Checking for module 'libzip'
[2.660s] --   Found libzip, version 1.7.3
[2.686s] -- Found ZIP: TRUE  
[2.686s] -- Looking for ignition-common3 -- found version 3.14.0
[2.686s] -- Looking for ignition-math6 -- found version 6.15.1
[2.687s] -- Looking for ignition-msgs5 -- found version 5.8.1
[2.695s] -- Found gazebo_ros_pkgs: 3.7.0 (/opt/ros/humble/share/gazebo_ros_pkgs/cmake)
[2.697s] -- Found geometry_msgs: 4.2.4 (/opt/ros/humble/share/geometry_msgs/cmake)
[2.728s] -- Found rosidl_generator_c: 3.1.5 (/opt/ros/humble/share/rosidl_generator_c/cmake)
[2.732s] -- Found rosidl_adapter: 3.1.5 (/opt/ros/humble/share/rosidl_adapter/cmake)
[2.741s] -- Found rosidl_generator_cpp: 3.1.5 (/opt/ros/humble/share/rosidl_generator_cpp/cmake)
[2.755s] -- Using all available rosidl_typesupport_c: rosidl_typesupport_fastrtps_c;rosidl_typesupport_introspection_c
[2.774s] -- Using all available rosidl_typesupport_cpp: rosidl_typesupport_fastrtps_cpp;rosidl_typesupport_introspection_cpp
[2.892s] -- Found nav_msgs: 4.2.4 (/opt/ros/humble/share/nav_msgs/cmake)
[2.973s] -- Found rclcpp: 16.0.9 (/opt/ros/humble/share/rclcpp/cmake)
[3.033s] -- Found rmw_implementation_cmake: 6.1.2 (/opt/ros/humble/share/rmw_implementation_cmake/cmake)
[3.035s] -- Found rmw_fastrtps_cpp: 6.2.6 (/opt/ros/humble/share/rmw_fastrtps_cpp/cmake)
[3.134s] -- Found OpenSSL: /usr/lib/x86_64-linux-gnu/libcrypto.so (found version "3.0.2")  
[3.160s] -- Found FastRTPS: /opt/ros/humble/include  
[3.211s] -- Using RMW implementation 'rmw_fastrtps_cpp' as default
[3.222s] -- Found Threads: TRUE  
[3.345s] -- Found sensor_msgs: 4.2.4 (/opt/ros/humble/share/sensor_msgs/cmake)
[3.430s] -- Found tf2: 0.25.7 (/opt/ros/humble/share/tf2/cmake)
[3.522s] -- Configuring done
[3.554s] [33mCMake Warning at CMakeLists.txt:56 (add_library):
[3.554s]   Cannot generate a safe runtime search path for target obstacle1 because
[3.554s]   files in some directories may conflict with libraries in implicit
[3.554s]   directories:
[3.554s] 
[3.554s]     runtime library [libuuid.so.1] in /usr/lib/x86_64-linux-gnu may be hidden by files in:
[3.554s]       /home/dakshata/anaconda3/lib
[3.554s] 
[3.554s]   Some of these libraries may not be found correctly.
[3.554s] 
[3.554s] [0m
[3.563s] [33mCMake Warning at CMakeLists.txt:59 (add_library):
[3.563s]   Cannot generate a safe runtime search path for target obstacle2 because
[3.563s]   files in some directories may conflict with libraries in implicit
[3.563s]   directories:
[3.563s] 
[3.563s]     runtime library [libuuid.so.1] in /usr/lib/x86_64-linux-gnu may be hidden by files in:
[3.563s]       /home/dakshata/anaconda3/lib
[3.563s] 
[3.563s]   Some of these libraries may not be found correctly.
[3.563s] 
[3.563s] [0m
[3.572s] [33mCMake Warning at CMakeLists.txt:62 (add_library):
[3.572s]   Cannot generate a safe runtime search path for target obstacles because
[3.572s]   files in some directories may conflict with libraries in implicit
[3.572s]   directories:
[3.572s] 
[3.572s]     runtime library [libuuid.so.1] in /usr/lib/x86_64-linux-gnu may be hidden by files in:
[3.572s]       /home/dakshata/anaconda3/lib
[3.572s] 
[3.572s]   Some of these libraries may not be found correctly.
[3.572s] 
[3.572s] [0m
[3.573s] -- Generating done
[3.575s] -- Build files have been written to: /home/dakshata/ros2_ws/build/turtlebot3_gazebo
[3.588s] Invoked command in '/home/dakshata/ros2_ws/build/turtlebot3_gazebo' returned '0': CMAKE_PREFIX_PATH=/home/dakshata/ros2_ws/install/my_turtlebot3_controller:/opt/ros/humble CONDA_PROMPT_MODIFIER=(base) /usr/bin/cmake /home/dakshata/ros2_ws/src/turtlebot3_simulations/turtlebot3_gazebo -DCMAKE_INSTALL_PREFIX=/home/dakshata/ros2_ws/install/turtlebot3_gazebo
[3.590s] Invoking command in '/home/dakshata/ros2_ws/build/turtlebot3_gazebo': CMAKE_PREFIX_PATH=/home/dakshata/ros2_ws/install/my_turtlebot3_controller:/opt/ros/humble CONDA_PROMPT_MODIFIER=(base) /usr/bin/cmake --build /home/dakshata/ros2_ws/build/turtlebot3_gazebo -- -j8 -l8
[3.661s] [ 12%] [32mBuilding CXX object CMakeFiles/obstacle2.dir/models/turtlebot3_dqn_world/obstacle_plugin/obstacle2.cc.o[0m
[3.661s] [ 25%] [32mBuilding CXX object CMakeFiles/obstacle1.dir/models/turtlebot3_dqn_world/obstacle_plugin/obstacle1.cc.o[0m
[3.663s] [ 37%] [32mBuilding CXX object CMakeFiles/turtlebot3_drive.dir/src/turtlebot3_drive.cpp.o[0m
[3.667s] [ 50%] [32mBuilding CXX object CMakeFiles/obstacles.dir/models/turtlebot3_dqn_world/obstacle_plugin/obstacles.cc.o[0m
[19.645s] [ 62%] [32m[1mLinking CXX executable turtlebot3_drive[0m
[20.171s] [ 75%] [32m[1mLinking CXX shared library libobstacles.so[0m
[20.474s] [ 75%] Built target turtlebot3_drive
[20.492s] [ 75%] Built target obstacles
[22.337s] [ 87%] [32m[1mLinking CXX shared library libobstacle2.so[0m
[22.618s] [ 87%] Built target obstacle2
[23.564s] [100%] [32m[1mLinking CXX shared library libobstacle1.so[0m
[23.823s] [100%] Built target obstacle1
[23.836s] Invoked command in '/home/dakshata/ros2_ws/build/turtlebot3_gazebo' returned '0': CMAKE_PREFIX_PATH=/home/dakshata/ros2_ws/install/my_turtlebot3_controller:/opt/ros/humble CONDA_PROMPT_MODIFIER=(base) /usr/bin/cmake --build /home/dakshata/ros2_ws/build/turtlebot3_gazebo -- -j8 -l8
[23.876s] Invoking command in '/home/dakshata/ros2_ws/build/turtlebot3_gazebo': CMAKE_PREFIX_PATH=/home/dakshata/ros2_ws/install/my_turtlebot3_controller:/opt/ros/humble CONDA_PROMPT_MODIFIER=(base) /usr/bin/cmake --install /home/dakshata/ros2_ws/build/turtlebot3_gazebo
[23.884s] -- Install configuration: ""
[23.884s] -- Installing: /home/dakshata/ros2_ws/install/turtlebot3_gazebo/lib/turtlebot3_gazebo/turtlebot3_drive
[23.890s] -- Set runtime path of "/home/dakshata/ros2_ws/install/turtlebot3_gazebo/lib/turtlebot3_gazebo/turtlebot3_drive" to ""
[23.890s] -- Installing: /home/dakshata/ros2_ws/install/turtlebot3_gazebo/share/turtlebot3_gazebo//launch
[23.890s] -- Installing: /home/dakshata/ros2_ws/install/turtlebot3_gazebo/share/turtlebot3_gazebo//launch/turtlebot3_dqn_stage1.launch.py
[23.891s] -- Installing: /home/dakshata/ros2_ws/install/turtlebot3_gazebo/share/turtlebot3_gazebo//launch/turtlebot3_dqn_stage2.launch.py
[23.891s] -- Installing: /home/dakshata/ros2_ws/install/turtlebot3_gazebo/share/turtlebot3_gazebo//launch/turtlebot3_dqn_stage4.launch.py
[23.892s] -- Installing: /home/dakshata/ros2_ws/install/turtlebot3_gazebo/share/turtlebot3_gazebo//launch/spawn_turtlebot3.launch.py
[23.892s] -- Installing: /home/dakshata/ros2_ws/install/turtlebot3_gazebo/share/turtlebot3_gazebo//launch/empty_world.launch.py
[23.892s] -- Installing: /home/dakshata/ros2_ws/install/turtlebot3_gazebo/share/turtlebot3_gazebo//launch/robot_state_publisher.launch.py
[23.892s] -- Installing: /home/dakshata/ros2_ws/install/turtlebot3_gazebo/share/turtlebot3_gazebo//launch/turtlebot3_dqn_stage3.launch.py
[23.893s] -- Installing: /home/dakshata/ros2_ws/install/turtlebot3_gazebo/share/turtlebot3_gazebo//launch/turtlebot3_house.launch.py
[23.893s] -- Installing: /home/dakshata/ros2_ws/install/turtlebot3_gazebo/share/turtlebot3_gazebo//launch/turtlebot3_world.launch.py
[23.893s] -- Installing: /home/dakshata/ros2_ws/install/turtlebot3_gazebo/share/turtlebot3_gazebo//models
[23.893s] -- Installing: /home/dakshata/ros2_ws/install/turtlebot3_gazebo/share/turtlebot3_gazebo//models/turtlebot3_house
[23.894s] -- Installing: /home/dakshata/ros2_ws/install/turtlebot3_gazebo/share/turtlebot3_gazebo//models/turtlebot3_house/model.sdf
[23.895s] -- Installing: /home/dakshata/ros2_ws/install/turtlebot3_gazebo/share/turtlebot3_gazebo//models/turtlebot3_house/model.config
[23.895s] -- Installing: /home/dakshata/ros2_ws/install/turtlebot3_gazebo/share/turtlebot3_gazebo//models/turtlebot3_world
[23.895s] -- Installing: /home/dakshata/ros2_ws/install/turtlebot3_gazebo/share/turtlebot3_gazebo//models/turtlebot3_world/model.sdf
[23.895s] -- Installing: /home/dakshata/ros2_ws/install/turtlebot3_gazebo/share/turtlebot3_gazebo//models/turtlebot3_world/model.config
[23.896s] -- Installing: /home/dakshata/ros2_ws/install/turtlebot3_gazebo/share/turtlebot3_gazebo//models/turtlebot3_world/meshes
[23.896s] -- Installing: /home/dakshata/ros2_ws/install/turtlebot3_gazebo/share/turtlebot3_gazebo//models/turtlebot3_world/meshes/hexagon.dae
[23.896s] -- Installing: /home/dakshata/ros2_ws/install/turtlebot3_gazebo/share/turtlebot3_gazebo//models/turtlebot3_world/meshes/wall.dae
[23.896s] -- Installing: /home/dakshata/ros2_ws/install/turtlebot3_gazebo/share/turtlebot3_gazebo//models/turtlebot3_world/model-1_4.sdf
[23.896s] -- Installing: /home/dakshata/ros2_ws/install/turtlebot3_gazebo/share/turtlebot3_gazebo//models/turtlebot3_waffle
[23.897s] -- Installing: /home/dakshata/ros2_ws/install/turtlebot3_gazebo/share/turtlebot3_gazebo//models/turtlebot3_waffle/model.sdf
[23.897s] -- Installing: /home/dakshata/ros2_ws/install/turtlebot3_gazebo/share/turtlebot3_gazebo//models/turtlebot3_waffle/model.config
[23.897s] -- Installing: /home/dakshata/ros2_ws/install/turtlebot3_gazebo/share/turtlebot3_gazebo//models/turtlebot3_waffle/model-1_4.sdf
[23.898s] -- Installing: /home/dakshata/ros2_ws/install/turtlebot3_gazebo/share/turtlebot3_gazebo//models/turtlebot3_common
[23.898s] -- Installing: /home/dakshata/ros2_ws/install/turtlebot3_gazebo/share/turtlebot3_gazebo//models/turtlebot3_common/model.config
[23.898s] -- Installing: /home/dakshata/ros2_ws/install/turtlebot3_gazebo/share/turtlebot3_gazebo//models/turtlebot3_common/meshes
[23.898s] -- Installing: /home/dakshata/ros2_ws/install/turtlebot3_gazebo/share/turtlebot3_gazebo//models/turtlebot3_common/meshes/r200.dae
[23.899s] -- Installing: /home/dakshata/ros2_ws/install/turtlebot3_gazebo/share/turtlebot3_gazebo//models/turtlebot3_common/meshes/lds.dae
[23.900s] -- Installing: /home/dakshata/ros2_ws/install/turtlebot3_gazebo/share/turtlebot3_gazebo//models/turtlebot3_common/meshes/waffle_base.dae
[23.900s] -- Installing: /home/dakshata/ros2_ws/install/turtlebot3_gazebo/share/turtlebot3_gazebo//models/turtlebot3_common/meshes/tire.dae
[23.901s] -- Installing: /home/dakshata/ros2_ws/install/turtlebot3_gazebo/share/turtlebot3_gazebo//models/turtlebot3_common/meshes/burger_base.dae
[23.901s] -- Installing: /home/dakshata/ros2_ws/install/turtlebot3_gazebo/share/turtlebot3_gazebo//models/turtlebot3_common/meshes/waffle_pi_base.dae
[23.901s] -- Installing: /home/dakshata/ros2_ws/install/turtlebot3_gazebo/share/turtlebot3_gazebo//models/turtlebot3_waffle_pi
[23.902s] -- Installing: /home/dakshata/ros2_ws/install/turtlebot3_gazebo/share/turtlebot3_gazebo//models/turtlebot3_waffle_pi/model.sdf
[23.902s] -- Installing: /home/dakshata/ros2_ws/install/turtlebot3_gazebo/share/turtlebot3_gazebo//models/turtlebot3_waffle_pi/model-1_4_.sdf
[23.902s] -- Installing: /home/dakshata/ros2_ws/install/turtlebot3_gazebo/share/turtlebot3_gazebo//models/turtlebot3_waffle_pi/model.config
[23.903s] -- Installing: /home/dakshata/ros2_ws/install/turtlebot3_gazebo/share/turtlebot3_gazebo//models/turtlebot3_dqn_world
[23.903s] -- Installing: /home/dakshata/ros2_ws/install/turtlebot3_gazebo/share/turtlebot3_gazebo//models/turtlebot3_dqn_world/model.sdf
[23.903s] -- Installing: /home/dakshata/ros2_ws/install/turtlebot3_gazebo/share/turtlebot3_gazebo//models/turtlebot3_dqn_world/obstacle1
[23.903s] -- Installing: /home/dakshata/ros2_ws/install/turtlebot3_gazebo/share/turtlebot3_gazebo//models/turtlebot3_dqn_world/obstacle1/model.sdf
[23.903s] -- Installing: /home/dakshata/ros2_ws/install/turtlebot3_gazebo/share/turtlebot3_gazebo//models/turtlebot3_dqn_world/obstacle1/model.config
[23.904s] -- Installing: /home/dakshata/ros2_ws/install/turtlebot3_gazebo/share/turtlebot3_gazebo//models/turtlebot3_dqn_world/obstacle2
[23.904s] -- Installing: /home/dakshata/ros2_ws/install/turtlebot3_gazebo/share/turtlebot3_gazebo//models/turtlebot3_dqn_world/obstacle2/model.sdf
[23.904s] -- Installing: /home/dakshata/ros2_ws/install/turtlebot3_gazebo/share/turtlebot3_gazebo//models/turtlebot3_dqn_world/obstacle2/model.config
[23.904s] -- Installing: /home/dakshata/ros2_ws/install/turtlebot3_gazebo/share/turtlebot3_gazebo//models/turtlebot3_dqn_world/model.config
[23.904s] -- Installing: /home/dakshata/ros2_ws/install/turtlebot3_gazebo/share/turtlebot3_gazebo//models/turtlebot3_dqn_world/obstacle_plugin
[23.905s] -- Installing: /home/dakshata/ros2_ws/install/turtlebot3_gazebo/share/turtlebot3_gazebo//models/turtlebot3_dqn_world/obstacle_plugin/obstacle1.cc
[23.905s] -- Installing: /home/dakshata/ros2_ws/install/turtlebot3_gazebo/share/turtlebot3_gazebo//models/turtlebot3_dqn_world/obstacle_plugin/obstacles.cc
[23.905s] -- Installing: /home/dakshata/ros2_ws/install/turtlebot3_gazebo/share/turtlebot3_gazebo//models/turtlebot3_dqn_world/obstacle_plugin/obstacle2.cc
[23.905s] -- Installing: /home/dakshata/ros2_ws/install/turtlebot3_gazebo/share/turtlebot3_gazebo//models/turtlebot3_dqn_world/obstacle_plugin/CMakeLists.txt
[23.905s] -- Installing: /home/dakshata/ros2_ws/install/turtlebot3_gazebo/share/turtlebot3_gazebo//models/turtlebot3_dqn_world/goal_box
[23.905s] -- Installing: /home/dakshata/ros2_ws/install/turtlebot3_gazebo/share/turtlebot3_gazebo//models/turtlebot3_dqn_world/goal_box/model.sdf
[23.906s] -- Installing: /home/dakshata/ros2_ws/install/turtlebot3_gazebo/share/turtlebot3_gazebo//models/turtlebot3_dqn_world/goal_box/model.config
[23.906s] -- Installing: /home/dakshata/ros2_ws/install/turtlebot3_gazebo/share/turtlebot3_gazebo//models/turtlebot3_dqn_world/inner_walls
[23.906s] -- Installing: /home/dakshata/ros2_ws/install/turtlebot3_gazebo/share/turtlebot3_gazebo//models/turtlebot3_dqn_world/inner_walls/model.sdf
[23.906s] -- Installing: /home/dakshata/ros2_ws/install/turtlebot3_gazebo/share/turtlebot3_gazebo//models/turtlebot3_dqn_world/inner_walls/model.config
[23.906s] -- Installing: /home/dakshata/ros2_ws/install/turtlebot3_gazebo/share/turtlebot3_gazebo//models/turtlebot3_dqn_world/obstacles
[23.907s] -- Installing: /home/dakshata/ros2_ws/install/turtlebot3_gazebo/share/turtlebot3_gazebo//models/turtlebot3_dqn_world/obstacles/model.sdf
[23.907s] -- Installing: /home/dakshata/ros2_ws/install/turtlebot3_gazebo/share/turtlebot3_gazebo//models/turtlebot3_dqn_world/obstacles/model.config
[23.907s] -- Installing: /home/dakshata/ros2_ws/install/turtlebot3_gazebo/share/turtlebot3_gazebo//models/turtlebot3_burger
[23.907s] -- Installing: /home/dakshata/ros2_ws/install/turtlebot3_gazebo/share/turtlebot3_gazebo//models/turtlebot3_burger/model.sdf
[23.908s] -- Installing: /home/dakshata/ros2_ws/install/turtlebot3_gazebo/share/turtlebot3_gazebo//models/turtlebot3_burger/model.config
[23.908s] -- Installing: /home/dakshata/ros2_ws/install/turtlebot3_gazebo/share/turtlebot3_gazebo//models/turtlebot3_burger/model-1_4.sdf
[23.908s] -- Installing: /home/dakshata/ros2_ws/install/turtlebot3_gazebo/share/turtlebot3_gazebo//rviz
[23.908s] -- Installing: /home/dakshata/ros2_ws/install/turtlebot3_gazebo/share/turtlebot3_gazebo//rviz/tb3_gazebo.rviz
[23.909s] -- Installing: /home/dakshata/ros2_ws/install/turtlebot3_gazebo/share/turtlebot3_gazebo//urdf
[23.909s] -- Installing: /home/dakshata/ros2_ws/install/turtlebot3_gazebo/share/turtlebot3_gazebo//urdf/common_properties.urdf
[23.909s] -- Installing: /home/dakshata/ros2_ws/install/turtlebot3_gazebo/share/turtlebot3_gazebo//urdf/turtlebot3_waffle_pi.urdf
[23.909s] -- Installing: /home/dakshata/ros2_ws/install/turtlebot3_gazebo/share/turtlebot3_gazebo//urdf/turtlebot3_waffle.urdf
[23.910s] -- Installing: /home/dakshata/ros2_ws/install/turtlebot3_gazebo/share/turtlebot3_gazebo//urdf/turtlebot3_burger.urdf
[23.910s] -- Installing: /home/dakshata/ros2_ws/install/turtlebot3_gazebo/share/turtlebot3_gazebo//worlds
[23.910s] -- Installing: /home/dakshata/ros2_ws/install/turtlebot3_gazebo/share/turtlebot3_gazebo//worlds/turtlebot3_dqn_stage3.world
[23.910s] -- Installing: /home/dakshata/ros2_ws/install/turtlebot3_gazebo/share/turtlebot3_gazebo//worlds/turtlebot3_dqn_stage4.world
[23.911s] -- Installing: /home/dakshata/ros2_ws/install/turtlebot3_gazebo/share/turtlebot3_gazebo//worlds/turtlebot3_house.world
[23.911s] -- Installing: /home/dakshata/ros2_ws/install/turtlebot3_gazebo/share/turtlebot3_gazebo//worlds/turtlebot3_dqn_stage1.world
[23.911s] -- Installing: /home/dakshata/ros2_ws/install/turtlebot3_gazebo/share/turtlebot3_gazebo//worlds/turtlebot3_world.world
[23.912s] -- Installing: /home/dakshata/ros2_ws/install/turtlebot3_gazebo/share/turtlebot3_gazebo//worlds/turtlebot3_dqn_stage2.world
[23.912s] -- Installing: /home/dakshata/ros2_ws/install/turtlebot3_gazebo/share/turtlebot3_gazebo//worlds/empty_world.world
[23.912s] -- Installing: /home/dakshata/ros2_ws/install/turtlebot3_gazebo/include/
[23.912s] -- Installing: /home/dakshata/ros2_ws/install/turtlebot3_gazebo/include//turtlebot3_gazebo
[23.912s] -- Installing: /home/dakshata/ros2_ws/install/turtlebot3_gazebo/include//turtlebot3_gazebo/turtlebot3_drive.hpp
[23.912s] -- Installing: /home/dakshata/ros2_ws/install/turtlebot3_gazebo/share/ament_index/resource_index/package_run_dependencies/turtlebot3_gazebo
[23.913s] -- Installing: /home/dakshata/ros2_ws/install/turtlebot3_gazebo/share/ament_index/resource_index/parent_prefix_path/turtlebot3_gazebo
[23.913s] -- Installing: /home/dakshata/ros2_ws/install/turtlebot3_gazebo/share/turtlebot3_gazebo/environment/ament_prefix_path.sh
[23.913s] -- Installing: /home/dakshata/ros2_ws/install/turtlebot3_gazebo/share/turtlebot3_gazebo/environment/ament_prefix_path.dsv
[23.913s] -- Installing: /home/dakshata/ros2_ws/install/turtlebot3_gazebo/share/turtlebot3_gazebo/environment/path.sh
[23.913s] -- Installing: /home/dakshata/ros2_ws/install/turtlebot3_gazebo/share/turtlebot3_gazebo/environment/path.dsv
[23.913s] -- Installing: /home/dakshata/ros2_ws/install/turtlebot3_gazebo/share/turtlebot3_gazebo/local_setup.bash
[23.914s] -- Installing: /home/dakshata/ros2_ws/install/turtlebot3_gazebo/share/turtlebot3_gazebo/local_setup.sh
[23.914s] -- Installing: /home/dakshata/ros2_ws/install/turtlebot3_gazebo/share/turtlebot3_gazebo/local_setup.zsh
[23.914s] -- Installing: /home/dakshata/ros2_ws/install/turtlebot3_gazebo/share/turtlebot3_gazebo/local_setup.dsv
[23.914s] -- Installing: /home/dakshata/ros2_ws/install/turtlebot3_gazebo/share/turtlebot3_gazebo/package.dsv
[23.914s] -- Installing: /home/dakshata/ros2_ws/install/turtlebot3_gazebo/share/ament_index/resource_index/packages/turtlebot3_gazebo
[23.914s] -- Installing: /home/dakshata/ros2_ws/install/turtlebot3_gazebo/share/turtlebot3_gazebo/cmake/ament_cmake_export_include_directories-extras.cmake
[23.915s] -- Installing: /home/dakshata/ros2_ws/install/turtlebot3_gazebo/share/turtlebot3_gazebo/cmake/ament_cmake_export_dependencies-extras.cmake
[23.915s] -- Installing: /home/dakshata/ros2_ws/install/turtlebot3_gazebo/share/turtlebot3_gazebo/cmake/turtlebot3_gazeboConfig.cmake
[23.915s] -- Installing: /home/dakshata/ros2_ws/install/turtlebot3_gazebo/share/turtlebot3_gazebo/cmake/turtlebot3_gazeboConfig-version.cmake
[23.915s] -- Installing: /home/dakshata/ros2_ws/install/turtlebot3_gazebo/share/turtlebot3_gazebo/package.xml
[23.918s] Invoked command in '/home/dakshata/ros2_ws/build/turtlebot3_gazebo' returned '0': CMAKE_PREFIX_PATH=/home/dakshata/ros2_ws/install/my_turtlebot3_controller:/opt/ros/humble CONDA_PROMPT_MODIFIER=(base) /usr/bin/cmake --install /home/dakshata/ros2_ws/build/turtlebot3_gazebo
