running egg_info
writing ../../build/my_nodes/my_nodes.egg-info/PKG-INFO
writing dependency_links to ../../build/my_nodes/my_nodes.egg-info/dependency_links.txt
writing entry points to ../../build/my_nodes/my_nodes.egg-info/entry_points.txt
writing requirements to ../../build/my_nodes/my_nodes.egg-info/requires.txt
writing top-level names to ../../build/my_nodes/my_nodes.egg-info/top_level.txt
reading manifest file '../../build/my_nodes/my_nodes.egg-info/SOURCES.txt'
writing manifest file '../../build/my_nodes/my_nodes.egg-info/SOURCES.txt'
running build
running build_py
running install
running install_lib
running install_data
running install_egg_info
removing '/home/dakshata/ros2_ws/install/my_nodes/lib/python3.10/site-packages/my_nodes-0.0.0-py3.10.egg-info' (and everything under it)
Copying ../../build/my_nodes/my_nodes.egg-info to /home/dakshata/ros2_ws/install/my_nodes/lib/python3.10/site-packages/my_nodes-0.0.0-py3.10.egg-info
running install_scripts
Installing integer_generator script to /home/dakshata/ros2_ws/install/my_nodes/lib/my_nodes
Installing odd_even_classifier script to /home/dakshata/ros2_ws/install/my_nodes/lib/my_nodes
writing list of installed files to '/home/dakshata/ros2_ws/build/my_nodes/install.log'
