[1.116s] Invoking command in '/home/dakshata/ros2_ws/src/my_nodes': CONDA_PROMPT_MODIFIER=(base) PYTHONPATH=/home/dakshata/ros2_ws/build/my_nodes/prefix_override:/usr/lib/python3/dist-packages/colcon_core/task/python/colcon_distutils_commands:/home/dakshata/ros2_ws/install/my_nodes/lib/python3.10/site-packages:${PYTHONPATH} /usr/bin/python3 -W ignore:setup.py install is deprecated setup.py egg_info --egg-base ../../build/my_nodes build --build-base /home/dakshata/ros2_ws/build/my_nodes/build install --record /home/dakshata/ros2_ws/build/my_nodes/install.log --single-version-externally-managed install_data
[1.343s] running egg_info
[1.344s] writing ../../build/my_nodes/my_nodes.egg-info/PKG-INFO
[1.344s] writing dependency_links to ../../build/my_nodes/my_nodes.egg-info/dependency_links.txt
[1.345s] writing entry points to ../../build/my_nodes/my_nodes.egg-info/entry_points.txt
[1.345s] writing requirements to ../../build/my_nodes/my_nodes.egg-info/requires.txt
[1.345s] writing top-level names to ../../build/my_nodes/my_nodes.egg-info/top_level.txt
[1.347s] reading manifest file '../../build/my_nodes/my_nodes.egg-info/SOURCES.txt'
[1.348s] writing manifest file '../../build/my_nodes/my_nodes.egg-info/SOURCES.txt'
[1.348s] running build
[1.348s] running build_py
[1.349s] running install
[1.349s] running install_lib
[1.351s] running install_data
[1.351s] running install_egg_info
[1.353s] removing '/home/dakshata/ros2_ws/install/my_nodes/lib/python3.10/site-packages/my_nodes-0.0.0-py3.10.egg-info' (and everything under it)
[1.354s] Copying ../../build/my_nodes/my_nodes.egg-info to /home/dakshata/ros2_ws/install/my_nodes/lib/python3.10/site-packages/my_nodes-0.0.0-py3.10.egg-info
[1.354s] running install_scripts
[1.375s] Installing integer_generator script to /home/dakshata/ros2_ws/install/my_nodes/lib/my_nodes
[1.375s] Installing odd_even_classifier script to /home/dakshata/ros2_ws/install/my_nodes/lib/my_nodes
[1.375s] writing list of installed files to '/home/dakshata/ros2_ws/build/my_nodes/install.log'
[1.404s] Invoked command in '/home/dakshata/ros2_ws/src/my_nodes' returned '0': CONDA_PROMPT_MODIFIER=(base) PYTHONPATH=/home/dakshata/ros2_ws/build/my_nodes/prefix_override:/usr/lib/python3/dist-packages/colcon_core/task/python/colcon_distutils_commands:/home/dakshata/ros2_ws/install/my_nodes/lib/python3.10/site-packages:${PYTHONPATH} /usr/bin/python3 -W ignore:setup.py install is deprecated setup.py egg_info --egg-base ../../build/my_nodes build --build-base /home/dakshata/ros2_ws/build/my_nodes/build install --record /home/dakshata/ros2_ws/build/my_nodes/install.log --single-version-externally-managed install_data
