[0.613s] Invoking command in '/home/dakshata/ros2_ws/src/my_turtlebot3_controller': CONDA_PROMPT_MODIFIER=(base) PS1=(ros2_humble_py310) (base) \[\e]0;\u@\h: \w\a\]${debian_chroot:+($debian_chroot)}\[\033[01;32m\]\u@\h\[\033[00m\]:\[\033[01;34m\]\w\[\033[00m\]\$ PYTHONPATH=/home/dakshata/ros2_ws/build/my_turtlebot3_controller/prefix_override:/usr/lib/python3/dist-packages/colcon_core/task/python/colcon_distutils_commands:/home/dakshata/ros2_ws/install/my_turtlebot3_controller/lib/python3.10/site-packages:${PYTHONPATH} VIRTUAL_ENV_PROMPT=(ros2_humble_py310) /usr/bin/python3 -W ignore:setup.py install is deprecated setup.py egg_info --egg-base ../../build/my_turtlebot3_controller build --build-base /home/dakshata/ros2_ws/build/my_turtlebot3_controller/build install --record /home/dakshata/ros2_ws/build/my_turtlebot3_controller/install.log --single-version-externally-managed install_data
[0.904s] running egg_info
[0.905s] creating ../../build/my_turtlebot3_controller/my_turtlebot3_controller.egg-info
[0.905s] writing ../../build/my_turtlebot3_controller/my_turtlebot3_controller.egg-info/PKG-INFO
[0.906s] writing dependency_links to ../../build/my_turtlebot3_controller/my_turtlebot3_controller.egg-info/dependency_links.txt
[0.906s] writing entry points to ../../build/my_turtlebot3_controller/my_turtlebot3_controller.egg-info/entry_points.txt
[0.906s] writing requirements to ../../build/my_turtlebot3_controller/my_turtlebot3_controller.egg-info/requires.txt
[0.906s] writing top-level names to ../../build/my_turtlebot3_controller/my_turtlebot3_controller.egg-info/top_level.txt
[0.906s] writing manifest file '../../build/my_turtlebot3_controller/my_turtlebot3_controller.egg-info/SOURCES.txt'
[0.909s] reading manifest file '../../build/my_turtlebot3_controller/my_turtlebot3_controller.egg-info/SOURCES.txt'
[0.910s] writing manifest file '../../build/my_turtlebot3_controller/my_turtlebot3_controller.egg-info/SOURCES.txt'
[0.910s] running build
[0.910s] running build_py
[0.910s] creating /home/dakshata/ros2_ws/build/my_turtlebot3_controller/build
[0.911s] creating /home/dakshata/ros2_ws/build/my_turtlebot3_controller/build/lib
[0.911s] creating /home/dakshata/ros2_ws/build/my_turtlebot3_controller/build/lib/my_turtlebot3_controller
[0.911s] copying my_turtlebot3_controller/__init__.py -> /home/dakshata/ros2_ws/build/my_turtlebot3_controller/build/lib/my_turtlebot3_controller
[0.911s] copying my_turtlebot3_controller/controller.py -> /home/dakshata/ros2_ws/build/my_turtlebot3_controller/build/lib/my_turtlebot3_controller
[0.911s] running install
[0.911s] running install_lib
[0.912s] creating /home/dakshata/ros2_ws/install/my_turtlebot3_controller/lib/python3.10/site-packages/my_turtlebot3_controller
[0.912s] copying /home/dakshata/ros2_ws/build/my_turtlebot3_controller/build/lib/my_turtlebot3_controller/__init__.py -> /home/dakshata/ros2_ws/install/my_turtlebot3_controller/lib/python3.10/site-packages/my_turtlebot3_controller
[0.913s] copying /home/dakshata/ros2_ws/build/my_turtlebot3_controller/build/lib/my_turtlebot3_controller/controller.py -> /home/dakshata/ros2_ws/install/my_turtlebot3_controller/lib/python3.10/site-packages/my_turtlebot3_controller
[0.913s] byte-compiling /home/dakshata/ros2_ws/install/my_turtlebot3_controller/lib/python3.10/site-packages/my_turtlebot3_controller/__init__.py to __init__.cpython-310.pyc
[0.913s] byte-compiling /home/dakshata/ros2_ws/install/my_turtlebot3_controller/lib/python3.10/site-packages/my_turtlebot3_controller/controller.py to controller.cpython-310.pyc
[0.914s] running install_data
[0.914s] creating /home/dakshata/ros2_ws/install/my_turtlebot3_controller/share/ament_index
[0.914s] creating /home/dakshata/ros2_ws/install/my_turtlebot3_controller/share/ament_index/resource_index
[0.914s] creating /home/dakshata/ros2_ws/install/my_turtlebot3_controller/share/ament_index/resource_index/packages
[0.914s] copying resource/my_turtlebot3_controller -> /home/dakshata/ros2_ws/install/my_turtlebot3_controller/share/ament_index/resource_index/packages
[0.915s] copying package.xml -> /home/dakshata/ros2_ws/install/my_turtlebot3_controller/share/my_turtlebot3_controller
[0.915s] running install_egg_info
[0.918s] Copying ../../build/my_turtlebot3_controller/my_turtlebot3_controller.egg-info to /home/dakshata/ros2_ws/install/my_turtlebot3_controller/lib/python3.10/site-packages/my_turtlebot3_controller-0.0.0-py3.10.egg-info
[0.919s] running install_scripts
[0.940s] Installing controller script to /home/dakshata/ros2_ws/install/my_turtlebot3_controller/lib/my_turtlebot3_controller
[0.940s] writing list of installed files to '/home/dakshata/ros2_ws/build/my_turtlebot3_controller/install.log'
[0.963s] Invoked command in '/home/dakshata/ros2_ws/src/my_turtlebot3_controller' returned '0': CONDA_PROMPT_MODIFIER=(base) PS1=(ros2_humble_py310) (base) \[\e]0;\u@\h: \w\a\]${debian_chroot:+($debian_chroot)}\[\033[01;32m\]\u@\h\[\033[00m\]:\[\033[01;34m\]\w\[\033[00m\]\$ PYTHONPATH=/home/dakshata/ros2_ws/build/my_turtlebot3_controller/prefix_override:/usr/lib/python3/dist-packages/colcon_core/task/python/colcon_distutils_commands:/home/dakshata/ros2_ws/install/my_turtlebot3_controller/lib/python3.10/site-packages:${PYTHONPATH} VIRTUAL_ENV_PROMPT=(ros2_humble_py310) /usr/bin/python3 -W ignore:setup.py install is deprecated setup.py egg_info --egg-base ../../build/my_turtlebot3_controller build --build-base /home/dakshata/ros2_ws/build/my_turtlebot3_controller/build install --record /home/dakshata/ros2_ws/build/my_turtlebot3_controller/install.log --single-version-externally-managed install_data
