[0.011s] Invoking command in '/home/dakshata/ros2_ws/build/turtlebot3_simulations': CMAKE_PREFIX_PATH=/home/dakshata/ros2_ws/install/turtlebot3_gazebo:/home/dakshata/ros2_ws/install/turtlebot3_fake_node:/home/dakshata/ros2_ws/install/turtlebot3_simulations:/home/dakshata/ros2_ws/install/my_turtlebot3_controller:/home/dakshata/ros2_ws/install/my_nodes:/opt/ros/humble CONDA_PROMPT_MODIFIER=(base) /usr/bin/cmake --build /home/dakshata/ros2_ws/build/turtlebot3_simulations -- -j8 -l8
[0.079s] Invoked command in '/home/dakshata/ros2_ws/build/turtlebot3_simulations' returned '0': CMAKE_PREFIX_PATH=/home/dakshata/ros2_ws/install/turtlebot3_gazebo:/home/dakshata/ros2_ws/install/turtlebot3_fake_node:/home/dakshata/ros2_ws/install/turtlebot3_simulations:/home/dakshata/ros2_ws/install/my_turtlebot3_controller:/home/dakshata/ros2_ws/install/my_nodes:/opt/ros/humble CONDA_PROMPT_MODIFIER=(base) /usr/bin/cmake --build /home/dakshata/ros2_ws/build/turtlebot3_simulations -- -j8 -l8
[0.116s] Invoking command in '/home/dakshata/ros2_ws/build/turtlebot3_simulations': CMAKE_PREFIX_PATH=/home/dakshata/ros2_ws/install/turtlebot3_gazebo:/home/dakshata/ros2_ws/install/turtlebot3_fake_node:/home/dakshata/ros2_ws/install/turtlebot3_simulations:/home/dakshata/ros2_ws/install/my_turtlebot3_controller:/home/dakshata/ros2_ws/install/my_nodes:/opt/ros/humble CONDA_PROMPT_MODIFIER=(base) /usr/bin/cmake --install /home/dakshata/ros2_ws/build/turtlebot3_simulations
[0.133s] -- Install configuration: ""
[0.133s] -- Up-to-date: /home/dakshata/ros2_ws/install/turtlebot3_simulations/share/ament_index/resource_index/package_run_dependencies/turtlebot3_simulations
[0.134s] -- Up-to-date: /home/dakshata/ros2_ws/install/turtlebot3_simulations/share/ament_index/resource_index/parent_prefix_path/turtlebot3_simulations
[0.134s] -- Up-to-date: /home/dakshata/ros2_ws/install/turtlebot3_simulations/share/turtlebot3_simulations/environment/ament_prefix_path.sh
[0.134s] -- Up-to-date: /home/dakshata/ros2_ws/install/turtlebot3_simulations/share/turtlebot3_simulations/environment/ament_prefix_path.dsv
[0.135s] -- Up-to-date: /home/dakshata/ros2_ws/install/turtlebot3_simulations/share/turtlebot3_simulations/environment/path.sh
[0.135s] -- Up-to-date: /home/dakshata/ros2_ws/install/turtlebot3_simulations/share/turtlebot3_simulations/environment/path.dsv
[0.135s] -- Up-to-date: /home/dakshata/ros2_ws/install/turtlebot3_simulations/share/turtlebot3_simulations/local_setup.bash
[0.135s] -- Up-to-date: /home/dakshata/ros2_ws/install/turtlebot3_simulations/share/turtlebot3_simulations/local_setup.sh
[0.136s] -- Up-to-date: /home/dakshata/ros2_ws/install/turtlebot3_simulations/share/turtlebot3_simulations/local_setup.zsh
[0.136s] -- Up-to-date: /home/dakshata/ros2_ws/install/turtlebot3_simulations/share/turtlebot3_simulations/local_setup.dsv
[0.136s] -- Up-to-date: /home/dakshata/ros2_ws/install/turtlebot3_simulations/share/turtlebot3_simulations/package.dsv
[0.136s] -- Up-to-date: /home/dakshata/ros2_ws/install/turtlebot3_simulations/share/ament_index/resource_index/packages/turtlebot3_simulations
[0.136s] -- Up-to-date: /home/dakshata/ros2_ws/install/turtlebot3_simulations/share/turtlebot3_simulations/cmake/turtlebot3_simulationsConfig.cmake
[0.137s] -- Up-to-date: /home/dakshata/ros2_ws/install/turtlebot3_simulations/share/turtlebot3_simulations/cmake/turtlebot3_simulationsConfig-version.cmake
[0.137s] -- Up-to-date: /home/dakshata/ros2_ws/install/turtlebot3_simulations/share/turtlebot3_simulations/package.xml
[0.140s] Invoked command in '/home/dakshata/ros2_ws/build/turtlebot3_simulations' returned '0': CMAKE_PREFIX_PATH=/home/dakshata/ros2_ws/install/turtlebot3_gazebo:/home/dakshata/ros2_ws/install/turtlebot3_fake_node:/home/dakshata/ros2_ws/install/turtlebot3_simulations:/home/dakshata/ros2_ws/install/my_turtlebot3_controller:/home/dakshata/ros2_ws/install/my_nodes:/opt/ros/humble CONDA_PROMPT_MODIFIER=(base) /usr/bin/cmake --install /home/dakshata/ros2_ws/build/turtlebot3_simulations
