[1.327s] Invoking command in '/home/dakshata/ros2_ws/src/my_turtlebot3_controller': CONDA_PROMPT_MODIFIER=(base) PYTHONPATH=/home/dakshata/ros2_ws/build/my_turtlebot3_controller/prefix_override:/usr/lib/python3/dist-packages/colcon_core/task/python/colcon_distutils_commands:/home/dakshata/ros2_ws/install/my_turtlebot3_controller/lib/python3.10/site-packages:${PYTHONPATH} /usr/bin/python3 -W ignore:setup.py install is deprecated setup.py egg_info --egg-base ../../build/my_turtlebot3_controller build --build-base /home/dakshata/ros2_ws/build/my_turtlebot3_controller/build install --record /home/dakshata/ros2_ws/build/my_turtlebot3_controller/install.log --single-version-externally-managed install_data
[1.883s] running egg_info
[1.883s] writing ../../build/my_turtlebot3_controller/my_turtlebot3_controller.egg-info/PKG-INFO
[1.884s] writing dependency_links to ../../build/my_turtlebot3_controller/my_turtlebot3_controller.egg-info/dependency_links.txt
[1.884s] writing entry points to ../../build/my_turtlebot3_controller/my_turtlebot3_controller.egg-info/entry_points.txt
[1.884s] writing requirements to ../../build/my_turtlebot3_controller/my_turtlebot3_controller.egg-info/requires.txt
[1.884s] writing top-level names to ../../build/my_turtlebot3_controller/my_turtlebot3_controller.egg-info/top_level.txt
[1.887s] reading manifest file '../../build/my_turtlebot3_controller/my_turtlebot3_controller.egg-info/SOURCES.txt'
[1.888s] writing manifest file '../../build/my_turtlebot3_controller/my_turtlebot3_controller.egg-info/SOURCES.txt'
[1.888s] running build
[1.888s] running build_py
[1.888s] copying my_turtlebot3_controller/keyboard_control.py -> /home/dakshata/ros2_ws/build/my_turtlebot3_controller/build/lib/my_turtlebot3_controller
[1.889s] copying my_turtlebot3_controller/move_constant_velocity.py -> /home/dakshata/ros2_ws/build/my_turtlebot3_controller/build/lib/my_turtlebot3_controller
[1.889s] copying my_turtlebot3_controller/move_to_goal.py -> /home/dakshata/ros2_ws/build/my_turtlebot3_controller/build/lib/my_turtlebot3_controller
[1.889s] copying my_turtlebot3_controller/stop_before_obstacle.py -> /home/dakshata/ros2_ws/build/my_turtlebot3_controller/build/lib/my_turtlebot3_controller
[1.890s] running install
[1.891s] running install_lib
[1.891s] copying /home/dakshata/ros2_ws/build/my_turtlebot3_controller/build/lib/my_turtlebot3_controller/keyboard_control.py -> /home/dakshata/ros2_ws/install/my_turtlebot3_controller/lib/python3.10/site-packages/my_turtlebot3_controller
[1.892s] copying /home/dakshata/ros2_ws/build/my_turtlebot3_controller/build/lib/my_turtlebot3_controller/move_constant_velocity.py -> /home/dakshata/ros2_ws/install/my_turtlebot3_controller/lib/python3.10/site-packages/my_turtlebot3_controller
[1.893s] copying /home/dakshata/ros2_ws/build/my_turtlebot3_controller/build/lib/my_turtlebot3_controller/move_to_goal.py -> /home/dakshata/ros2_ws/install/my_turtlebot3_controller/lib/python3.10/site-packages/my_turtlebot3_controller
[1.893s] copying /home/dakshata/ros2_ws/build/my_turtlebot3_controller/build/lib/my_turtlebot3_controller/stop_before_obstacle.py -> /home/dakshata/ros2_ws/install/my_turtlebot3_controller/lib/python3.10/site-packages/my_turtlebot3_controller
[1.893s] byte-compiling /home/dakshata/ros2_ws/install/my_turtlebot3_controller/lib/python3.10/site-packages/my_turtlebot3_controller/keyboard_control.py to keyboard_control.cpython-310.pyc
[1.894s] byte-compiling /home/dakshata/ros2_ws/install/my_turtlebot3_controller/lib/python3.10/site-packages/my_turtlebot3_controller/move_constant_velocity.py to move_constant_velocity.cpython-310.pyc
[1.894s] byte-compiling /home/dakshata/ros2_ws/install/my_turtlebot3_controller/lib/python3.10/site-packages/my_turtlebot3_controller/move_to_goal.py to move_to_goal.cpython-310.pyc
[1.895s] byte-compiling /home/dakshata/ros2_ws/install/my_turtlebot3_controller/lib/python3.10/site-packages/my_turtlebot3_controller/stop_before_obstacle.py to stop_before_obstacle.cpython-310.pyc
[1.895s] running install_data
[1.895s] running install_egg_info
[1.897s] removing '/home/dakshata/ros2_ws/install/my_turtlebot3_controller/lib/python3.10/site-packages/my_turtlebot3_controller-0.0.0-py3.10.egg-info' (and everything under it)
[1.897s] Copying ../../build/my_turtlebot3_controller/my_turtlebot3_controller.egg-info to /home/dakshata/ros2_ws/install/my_turtlebot3_controller/lib/python3.10/site-packages/my_turtlebot3_controller-0.0.0-py3.10.egg-info
[1.897s] running install_scripts
[1.916s] Installing controller script to /home/dakshata/ros2_ws/install/my_turtlebot3_controller/lib/my_turtlebot3_controller
[1.916s] writing list of installed files to '/home/dakshata/ros2_ws/build/my_turtlebot3_controller/install.log'
[1.942s] Invoked command in '/home/dakshata/ros2_ws/src/my_turtlebot3_controller' returned '0': CONDA_PROMPT_MODIFIER=(base) PYTHONPATH=/home/dakshata/ros2_ws/build/my_turtlebot3_controller/prefix_override:/usr/lib/python3/dist-packages/colcon_core/task/python/colcon_distutils_commands:/home/dakshata/ros2_ws/install/my_turtlebot3_controller/lib/python3.10/site-packages:${PYTHONPATH} /usr/bin/python3 -W ignore:setup.py install is deprecated setup.py egg_info --egg-base ../../build/my_turtlebot3_controller build --build-base /home/dakshata/ros2_ws/build/my_turtlebot3_controller/build install --record /home/dakshata/ros2_ws/build/my_turtlebot3_controller/install.log --single-version-externally-managed install_data
