/home/dakshata/ros2_ws/install/my_turtlebot3_controller/lib/python3.10/site-packages/my_turtlebot3_controller/keyboard_control.py
/home/dakshata/ros2_ws/install/my_turtlebot3_controller/lib/python3.10/site-packages/my_turtlebot3_controller/move_constant_velocity.py
/home/dakshata/ros2_ws/install/my_turtlebot3_controller/lib/python3.10/site-packages/my_turtlebot3_controller/move_to_goal.py
/home/dakshata/ros2_ws/install/my_turtlebot3_controller/lib/python3.10/site-packages/my_turtlebot3_controller/stop_before_obstacle.py
/home/dakshata/ros2_ws/install/my_turtlebot3_controller/lib/python3.10/site-packages/my_turtlebot3_controller/__init__.py
/home/dakshata/ros2_ws/install/my_turtlebot3_controller/lib/python3.10/site-packages/my_turtlebot3_controller/__pycache__/keyboard_control.cpython-310.pyc
/home/dakshata/ros2_ws/install/my_turtlebot3_controller/lib/python3.10/site-packages/my_turtlebot3_controller/__pycache__/move_constant_velocity.cpython-310.pyc
/home/dakshata/ros2_ws/install/my_turtlebot3_controller/lib/python3.10/site-packages/my_turtlebot3_controller/__pycache__/move_to_goal.cpython-310.pyc
/home/dakshata/ros2_ws/install/my_turtlebot3_controller/lib/python3.10/site-packages/my_turtlebot3_controller/__pycache__/stop_before_obstacle.cpython-310.pyc
/home/dakshata/ros2_ws/install/my_turtlebot3_controller/lib/python3.10/site-packages/my_turtlebot3_controller/__pycache__/__init__.cpython-310.pyc
/home/dakshata/ros2_ws/install/my_turtlebot3_controller/share/ament_index/resource_index/packages/my_turtlebot3_controller
/home/dakshata/ros2_ws/install/my_turtlebot3_controller/share/my_turtlebot3_controller/package.xml
/home/dakshata/ros2_ws/install/my_turtlebot3_controller/lib/python3.10/site-packages/my_turtlebot3_controller-0.0.0-py3.10.egg-info/requires.txt
/home/dakshata/ros2_ws/install/my_turtlebot3_controller/lib/python3.10/site-packages/my_turtlebot3_controller-0.0.0-py3.10.egg-info/SOURCES.txt
/home/dakshata/ros2_ws/install/my_turtlebot3_controller/lib/python3.10/site-packages/my_turtlebot3_controller-0.0.0-py3.10.egg-info/dependency_links.txt
/home/dakshata/ros2_ws/install/my_turtlebot3_controller/lib/python3.10/site-packages/my_turtlebot3_controller-0.0.0-py3.10.egg-info/PKG-INFO
/home/dakshata/ros2_ws/install/my_turtlebot3_controller/lib/python3.10/site-packages/my_turtlebot3_controller-0.0.0-py3.10.egg-info/zip-safe
/home/dakshata/ros2_ws/install/my_turtlebot3_controller/lib/python3.10/site-packages/my_turtlebot3_controller-0.0.0-py3.10.egg-info/top_level.txt
/home/dakshata/ros2_ws/install/my_turtlebot3_controller/lib/python3.10/site-packages/my_turtlebot3_controller-0.0.0-py3.10.egg-info/entry_points.txt
/home/dakshata/ros2_ws/install/my_turtlebot3_controller/lib/my_turtlebot3_controller/keyboard_control
/home/dakshata/ros2_ws/install/my_turtlebot3_controller/lib/my_turtlebot3_controller/move_constant_velocity
/home/dakshata/ros2_ws/install/my_turtlebot3_controller/lib/my_turtlebot3_controller/move_to_goal
/home/dakshata/ros2_ws/install/my_turtlebot3_controller/lib/my_turtlebot3_controller/stop_before_obstacle
