[0.008s] Invoking command in '/home/dakshata/ros2_ws/build/turtlebot3_simulations': AMENT_PREFIX_PATH=/home/dakshata/ros2_ws/install/turtlebot3_gazebo:/home/dakshata/ros2_ws/install/turtlebot3_fake_node:${AMENT_PREFIX_PATH} CMAKE_PREFIX_PATH=/home/dakshata/ros2_ws/install/turtlebot3_gazebo:/home/dakshata/ros2_ws/install/turtlebot3_fake_node:/home/dakshata/ros2_ws/install/my_turtlebot3_controller:/opt/ros/humble CONDA_PROMPT_MODIFIER=(base) /usr/bin/cmake /home/dakshata/ros2_ws/src/turtlebot3_simulations/turtlebot3_simulations -DCMAKE_INSTALL_PREFIX=/home/dakshata/ros2_ws/install/turtlebot3_simulations
[0.065s] -- The C compiler identification is GNU 11.4.0
[0.123s] -- The CXX compiler identification is GNU 11.4.0
[0.130s] -- Detecting C compiler ABI info
[0.195s] -- Detecting C compiler ABI info - done
[0.208s] -- Check for working C compiler: /usr/bin/cc - skipped
[0.208s] -- Detecting C compile features
[0.209s] -- Detecting C compile features - done
[0.214s] -- Detecting CXX compiler ABI info
[0.301s] -- Detecting CXX compiler ABI info - done
[0.309s] -- Check for working CXX compiler: /usr/bin/c++ - skipped
[0.310s] -- Detecting CXX compile features
[0.310s] -- Detecting CXX compile features - done
[0.313s] -- Found ament_cmake: 1.3.9 (/opt/ros/humble/share/ament_cmake/cmake)
[0.643s] -- Found Python3: /home/dakshata/anaconda3/bin/python3 (found version "3.11.7") found components: Interpreter 
[0.811s] -- Configuring done
[0.813s] -- Generating done
[0.814s] -- Build files have been written to: /home/dakshata/ros2_ws/build/turtlebot3_simulations
[0.820s] Invoked command in '/home/dakshata/ros2_ws/build/turtlebot3_simulations' returned '0': AMENT_PREFIX_PATH=/home/dakshata/ros2_ws/install/turtlebot3_gazebo:/home/dakshata/ros2_ws/install/turtlebot3_fake_node:${AMENT_PREFIX_PATH} CMAKE_PREFIX_PATH=/home/dakshata/ros2_ws/install/turtlebot3_gazebo:/home/dakshata/ros2_ws/install/turtlebot3_fake_node:/home/dakshata/ros2_ws/install/my_turtlebot3_controller:/opt/ros/humble CONDA_PROMPT_MODIFIER=(base) /usr/bin/cmake /home/dakshata/ros2_ws/src/turtlebot3_simulations/turtlebot3_simulations -DCMAKE_INSTALL_PREFIX=/home/dakshata/ros2_ws/install/turtlebot3_simulations
[0.820s] Invoking command in '/home/dakshata/ros2_ws/build/turtlebot3_simulations': AMENT_PREFIX_PATH=/home/dakshata/ros2_ws/install/turtlebot3_gazebo:/home/dakshata/ros2_ws/install/turtlebot3_fake_node:${AMENT_PREFIX_PATH} CMAKE_PREFIX_PATH=/home/dakshata/ros2_ws/install/turtlebot3_gazebo:/home/dakshata/ros2_ws/install/turtlebot3_fake_node:/home/dakshata/ros2_ws/install/my_turtlebot3_controller:/opt/ros/humble CONDA_PROMPT_MODIFIER=(base) /usr/bin/cmake --build /home/dakshata/ros2_ws/build/turtlebot3_simulations -- -j8 -l8
[0.856s] Invoked command in '/home/dakshata/ros2_ws/build/turtlebot3_simulations' returned '0': AMENT_PREFIX_PATH=/home/dakshata/ros2_ws/install/turtlebot3_gazebo:/home/dakshata/ros2_ws/install/turtlebot3_fake_node:${AMENT_PREFIX_PATH} CMAKE_PREFIX_PATH=/home/dakshata/ros2_ws/install/turtlebot3_gazebo:/home/dakshata/ros2_ws/install/turtlebot3_fake_node:/home/dakshata/ros2_ws/install/my_turtlebot3_controller:/opt/ros/humble CONDA_PROMPT_MODIFIER=(base) /usr/bin/cmake --build /home/dakshata/ros2_ws/build/turtlebot3_simulations -- -j8 -l8
[0.880s] Invoking command in '/home/dakshata/ros2_ws/build/turtlebot3_simulations': AMENT_PREFIX_PATH=/home/dakshata/ros2_ws/install/turtlebot3_gazebo:/home/dakshata/ros2_ws/install/turtlebot3_fake_node:${AMENT_PREFIX_PATH} CMAKE_PREFIX_PATH=/home/dakshata/ros2_ws/install/turtlebot3_gazebo:/home/dakshata/ros2_ws/install/turtlebot3_fake_node:/home/dakshata/ros2_ws/install/my_turtlebot3_controller:/opt/ros/humble CONDA_PROMPT_MODIFIER=(base) /usr/bin/cmake --install /home/dakshata/ros2_ws/build/turtlebot3_simulations
[0.886s] -- Install configuration: ""
[0.886s] -- Installing: /home/dakshata/ros2_ws/install/turtlebot3_simulations/share/ament_index/resource_index/package_run_dependencies/turtlebot3_simulations
[0.886s] -- Installing: /home/dakshata/ros2_ws/install/turtlebot3_simulations/share/ament_index/resource_index/parent_prefix_path/turtlebot3_simulations
[0.887s] -- Installing: /home/dakshata/ros2_ws/install/turtlebot3_simulations/share/turtlebot3_simulations/environment/ament_prefix_path.sh
[0.887s] -- Installing: /home/dakshata/ros2_ws/install/turtlebot3_simulations/share/turtlebot3_simulations/environment/ament_prefix_path.dsv
[0.887s] -- Installing: /home/dakshata/ros2_ws/install/turtlebot3_simulations/share/turtlebot3_simulations/environment/path.sh
[0.887s] -- Installing: /home/dakshata/ros2_ws/install/turtlebot3_simulations/share/turtlebot3_simulations/environment/path.dsv
[0.887s] -- Installing: /home/dakshata/ros2_ws/install/turtlebot3_simulations/share/turtlebot3_simulations/local_setup.bash
[0.887s] -- Installing: /home/dakshata/ros2_ws/install/turtlebot3_simulations/share/turtlebot3_simulations/local_setup.sh
[0.888s] -- Installing: /home/dakshata/ros2_ws/install/turtlebot3_simulations/share/turtlebot3_simulations/local_setup.zsh
[0.888s] -- Installing: /home/dakshata/ros2_ws/install/turtlebot3_simulations/share/turtlebot3_simulations/local_setup.dsv
[0.888s] -- Installing: /home/dakshata/ros2_ws/install/turtlebot3_simulations/share/turtlebot3_simulations/package.dsv
[0.888s] -- Installing: /home/dakshata/ros2_ws/install/turtlebot3_simulations/share/ament_index/resource_index/packages/turtlebot3_simulations
[0.888s] -- Installing: /home/dakshata/ros2_ws/install/turtlebot3_simulations/share/turtlebot3_simulations/cmake/turtlebot3_simulationsConfig.cmake
[0.888s] -- Installing: /home/dakshata/ros2_ws/install/turtlebot3_simulations/share/turtlebot3_simulations/cmake/turtlebot3_simulationsConfig-version.cmake
[0.889s] -- Installing: /home/dakshata/ros2_ws/install/turtlebot3_simulations/share/turtlebot3_simulations/package.xml
[0.891s] Invoked command in '/home/dakshata/ros2_ws/build/turtlebot3_simulations' returned '0': AMENT_PREFIX_PATH=/home/dakshata/ros2_ws/install/turtlebot3_gazebo:/home/dakshata/ros2_ws/install/turtlebot3_fake_node:${AMENT_PREFIX_PATH} CMAKE_PREFIX_PATH=/home/dakshata/ros2_ws/install/turtlebot3_gazebo:/home/dakshata/ros2_ws/install/turtlebot3_fake_node:/home/dakshata/ros2_ws/install/my_turtlebot3_controller:/opt/ros/humble CONDA_PROMPT_MODIFIER=(base) /usr/bin/cmake --install /home/dakshata/ros2_ws/build/turtlebot3_simulations
