running egg_info
writing ../../build/my_turtlebot3_controller/my_turtlebot3_controller.egg-info/PKG-INFO
writing dependency_links to ../../build/my_turtlebot3_controller/my_turtlebot3_controller.egg-info/dependency_links.txt
writing entry points to ../../build/my_turtlebot3_controller/my_turtlebot3_controller.egg-info/entry_points.txt
writing requirements to ../../build/my_turtlebot3_controller/my_turtlebot3_controller.egg-info/requires.txt
writing top-level names to ../../build/my_turtlebot3_controller/my_turtlebot3_controller.egg-info/top_level.txt
reading manifest file '../../build/my_turtlebot3_controller/my_turtlebot3_controller.egg-info/SOURCES.txt'
writing manifest file '../../build/my_turtlebot3_controller/my_turtlebot3_controller.egg-info/SOURCES.txt'
running build
running build_py
copying my_turtlebot3_controller/move_to_goal.py -> /home/dakshata/ros2_ws/build/my_turtlebot3_controller/build/lib/my_turtlebot3_controller
running install
running install_lib
copying /home/dakshata/ros2_ws/build/my_turtlebot3_controller/build/lib/my_turtlebot3_controller/move_to_goal.py -> /home/dakshata/ros2_ws/install/my_turtlebot3_controller/lib/python3.10/site-packages/my_turtlebot3_controller
byte-compiling /home/dakshata/ros2_ws/install/my_turtlebot3_controller/lib/python3.10/site-packages/my_turtlebot3_controller/move_to_goal.py to move_to_goal.cpython-310.pyc
running install_data
running install_egg_info
removing '/home/dakshata/ros2_ws/install/my_turtlebot3_controller/lib/python3.10/site-packages/my_turtlebot3_controller-0.0.0-py3.10.egg-info' (and everything under it)
Copying ../../build/my_turtlebot3_controller/my_turtlebot3_controller.egg-info to /home/dakshata/ros2_ws/install/my_turtlebot3_controller/lib/python3.10/site-packages/my_turtlebot3_controller-0.0.0-py3.10.egg-info
running install_scripts
Installing keyboard_control script to /home/dakshata/ros2_ws/install/my_turtlebot3_controller/lib/my_turtlebot3_controller
Installing move_constant_velocity script to /home/dakshata/ros2_ws/install/my_turtlebot3_controller/lib/my_turtlebot3_controller
Installing move_to_goal script to /home/dakshata/ros2_ws/install/my_turtlebot3_controller/lib/my_turtlebot3_controller
Installing stop_before_obstacle script to /home/dakshata/ros2_ws/install/my_turtlebot3_controller/lib/my_turtlebot3_controller
writing list of installed files to '/home/dakshata/ros2_ws/build/my_turtlebot3_controller/install.log'
