[0.562s] Invoking command in '/home/dakshata/ros2_ws/src/my_turtlebot3_controller': CONDA_PROMPT_MODIFIER=(base) PS1=(ros2_humble_py310) (base) \[\e]0;\u@\h: \w\a\]${debian_chroot:+($debian_chroot)}\[\033[01;32m\]\u@\h\[\033[00m\]:\[\033[01;34m\]\w\[\033[00m\]\$ PYTHONPATH=/home/dakshata/ros2_ws/build/my_turtlebot3_controller/prefix_override:/usr/lib/python3/dist-packages/colcon_core/task/python/colcon_distutils_commands:/home/dakshata/ros2_ws/install/my_turtlebot3_controller/lib/python3.10/site-packages:${PYTHONPATH} VIRTUAL_ENV_PROMPT=(ros2_humble_py310) /usr/bin/python3 -W ignore:setup.py install is deprecated setup.py egg_info --egg-base ../../build/my_turtlebot3_controller build --build-base /home/dakshata/ros2_ws/build/my_turtlebot3_controller/build install --record /home/dakshata/ros2_ws/build/my_turtlebot3_controller/install.log --single-version-externally-managed install_data
[0.814s] running egg_info
[0.814s] writing ../../build/my_turtlebot3_controller/my_turtlebot3_controller.egg-info/PKG-INFO
[0.815s] writing dependency_links to ../../build/my_turtlebot3_controller/my_turtlebot3_controller.egg-info/dependency_links.txt
[0.815s] writing entry points to ../../build/my_turtlebot3_controller/my_turtlebot3_controller.egg-info/entry_points.txt
[0.815s] writing requirements to ../../build/my_turtlebot3_controller/my_turtlebot3_controller.egg-info/requires.txt
[0.815s] writing top-level names to ../../build/my_turtlebot3_controller/my_turtlebot3_controller.egg-info/top_level.txt
[0.817s] reading manifest file '../../build/my_turtlebot3_controller/my_turtlebot3_controller.egg-info/SOURCES.txt'
[0.818s] writing manifest file '../../build/my_turtlebot3_controller/my_turtlebot3_controller.egg-info/SOURCES.txt'
[0.818s] running build
[0.818s] running build_py
[0.818s] copying my_turtlebot3_controller/controller.py -> /home/dakshata/ros2_ws/build/my_turtlebot3_controller/build/lib/my_turtlebot3_controller
[0.818s] running install
[0.819s] running install_lib
[0.820s] copying /home/dakshata/ros2_ws/build/my_turtlebot3_controller/build/lib/my_turtlebot3_controller/controller.py -> /home/dakshata/ros2_ws/install/my_turtlebot3_controller/lib/python3.10/site-packages/my_turtlebot3_controller
[0.820s] byte-compiling /home/dakshata/ros2_ws/install/my_turtlebot3_controller/lib/python3.10/site-packages/my_turtlebot3_controller/controller.py to controller.cpython-310.pyc
[0.821s] running install_data
[0.821s] running install_egg_info
[0.823s] removing '/home/dakshata/ros2_ws/install/my_turtlebot3_controller/lib/python3.10/site-packages/my_turtlebot3_controller-0.0.0-py3.10.egg-info' (and everything under it)
[0.823s] Copying ../../build/my_turtlebot3_controller/my_turtlebot3_controller.egg-info to /home/dakshata/ros2_ws/install/my_turtlebot3_controller/lib/python3.10/site-packages/my_turtlebot3_controller-0.0.0-py3.10.egg-info
[0.824s] running install_scripts
[0.847s] Installing controller script to /home/dakshata/ros2_ws/install/my_turtlebot3_controller/lib/my_turtlebot3_controller
[0.847s] writing list of installed files to '/home/dakshata/ros2_ws/build/my_turtlebot3_controller/install.log'
[0.872s] Invoked command in '/home/dakshata/ros2_ws/src/my_turtlebot3_controller' returned '0': CONDA_PROMPT_MODIFIER=(base) PS1=(ros2_humble_py310) (base) \[\e]0;\u@\h: \w\a\]${debian_chroot:+($debian_chroot)}\[\033[01;32m\]\u@\h\[\033[00m\]:\[\033[01;34m\]\w\[\033[00m\]\$ PYTHONPATH=/home/dakshata/ros2_ws/build/my_turtlebot3_controller/prefix_override:/usr/lib/python3/dist-packages/colcon_core/task/python/colcon_distutils_commands:/home/dakshata/ros2_ws/install/my_turtlebot3_controller/lib/python3.10/site-packages:${PYTHONPATH} VIRTUAL_ENV_PROMPT=(ros2_humble_py310) /usr/bin/python3 -W ignore:setup.py install is deprecated setup.py egg_info --egg-base ../../build/my_turtlebot3_controller build --build-base /home/dakshata/ros2_ws/build/my_turtlebot3_controller/build install --record /home/dakshata/ros2_ws/build/my_turtlebot3_controller/install.log --single-version-externally-managed install_data
