[0.574s] Invoking command in '/home/dakshata/ros2_ws/src/my_nodes': CONDA_PROMPT_MODIFIER=(base) PYTHONPATH=/home/dakshata/ros2_ws/build/my_nodes/prefix_override:/usr/lib/python3/dist-packages/colcon_core/task/python/colcon_distutils_commands:/home/dakshata/ros2_ws/install/my_nodes/lib/python3.10/site-packages:${PYTHONPATH} /usr/bin/python3 -W ignore:setup.py install is deprecated setup.py egg_info --egg-base ../../build/my_nodes build --build-base /home/dakshata/ros2_ws/build/my_nodes/build install --record /home/dakshata/ros2_ws/build/my_nodes/install.log --single-version-externally-managed install_data
[0.783s] running egg_info
[0.784s] creating ../../build/my_nodes/my_nodes.egg-info
[0.784s] writing ../../build/my_nodes/my_nodes.egg-info/PKG-INFO
[0.784s] writing dependency_links to ../../build/my_nodes/my_nodes.egg-info/dependency_links.txt
[0.784s] writing entry points to ../../build/my_nodes/my_nodes.egg-info/entry_points.txt
[0.784s] writing requirements to ../../build/my_nodes/my_nodes.egg-info/requires.txt
[0.784s] writing top-level names to ../../build/my_nodes/my_nodes.egg-info/top_level.txt
[0.785s] writing manifest file '../../build/my_nodes/my_nodes.egg-info/SOURCES.txt'
[0.786s] reading manifest file '../../build/my_nodes/my_nodes.egg-info/SOURCES.txt'
[0.787s] writing manifest file '../../build/my_nodes/my_nodes.egg-info/SOURCES.txt'
[0.787s] running build
[0.787s] running build_py
[0.787s] creating /home/dakshata/ros2_ws/build/my_nodes/build
[0.787s] creating /home/dakshata/ros2_ws/build/my_nodes/build/lib
[0.787s] creating /home/dakshata/ros2_ws/build/my_nodes/build/lib/my_nodes
[0.787s] copying my_nodes/odd_even_classifier.py -> /home/dakshata/ros2_ws/build/my_nodes/build/lib/my_nodes
[0.787s] copying my_nodes/__init__.py -> /home/dakshata/ros2_ws/build/my_nodes/build/lib/my_nodes
[0.787s] copying my_nodes/integer_generator.py -> /home/dakshata/ros2_ws/build/my_nodes/build/lib/my_nodes
[0.787s] running install
[0.787s] running install_lib
[0.788s] creating /home/dakshata/ros2_ws/install/my_nodes/lib/python3.10/site-packages/my_nodes
[0.788s] copying /home/dakshata/ros2_ws/build/my_nodes/build/lib/my_nodes/odd_even_classifier.py -> /home/dakshata/ros2_ws/install/my_nodes/lib/python3.10/site-packages/my_nodes
[0.788s] copying /home/dakshata/ros2_ws/build/my_nodes/build/lib/my_nodes/__init__.py -> /home/dakshata/ros2_ws/install/my_nodes/lib/python3.10/site-packages/my_nodes
[0.788s] copying /home/dakshata/ros2_ws/build/my_nodes/build/lib/my_nodes/integer_generator.py -> /home/dakshata/ros2_ws/install/my_nodes/lib/python3.10/site-packages/my_nodes
[0.789s] byte-compiling /home/dakshata/ros2_ws/install/my_nodes/lib/python3.10/site-packages/my_nodes/odd_even_classifier.py to odd_even_classifier.cpython-310.pyc
[0.789s] byte-compiling /home/dakshata/ros2_ws/install/my_nodes/lib/python3.10/site-packages/my_nodes/__init__.py to __init__.cpython-310.pyc
[0.789s] byte-compiling /home/dakshata/ros2_ws/install/my_nodes/lib/python3.10/site-packages/my_nodes/integer_generator.py to integer_generator.cpython-310.pyc
[0.790s] running install_data
[0.790s] creating /home/dakshata/ros2_ws/install/my_nodes/share/ament_index
[0.790s] creating /home/dakshata/ros2_ws/install/my_nodes/share/ament_index/resource_index
[0.790s] creating /home/dakshata/ros2_ws/install/my_nodes/share/ament_index/resource_index/packages
[0.790s] copying resource/my_nodes -> /home/dakshata/ros2_ws/install/my_nodes/share/ament_index/resource_index/packages
[0.790s] copying package.xml -> /home/dakshata/ros2_ws/install/my_nodes/share/my_nodes
[0.790s] running install_egg_info
[0.791s] Copying ../../build/my_nodes/my_nodes.egg-info to /home/dakshata/ros2_ws/install/my_nodes/lib/python3.10/site-packages/my_nodes-0.0.0-py3.10.egg-info
[0.792s] running install_scripts
[0.809s] Installing integer_generator script to /home/dakshata/ros2_ws/install/my_nodes/lib/my_nodes
[0.809s] Installing odd_even_classifier script to /home/dakshata/ros2_ws/install/my_nodes/lib/my_nodes
[0.810s] writing list of installed files to '/home/dakshata/ros2_ws/build/my_nodes/install.log'
[0.832s] Invoked command in '/home/dakshata/ros2_ws/src/my_nodes' returned '0': CONDA_PROMPT_MODIFIER=(base) PYTHONPATH=/home/dakshata/ros2_ws/build/my_nodes/prefix_override:/usr/lib/python3/dist-packages/colcon_core/task/python/colcon_distutils_commands:/home/dakshata/ros2_ws/install/my_nodes/lib/python3.10/site-packages:${PYTHONPATH} /usr/bin/python3 -W ignore:setup.py install is deprecated setup.py egg_info --egg-base ../../build/my_nodes build --build-base /home/dakshata/ros2_ws/build/my_nodes/build install --record /home/dakshata/ros2_ws/build/my_nodes/install.log --single-version-externally-managed install_data
