[0.098s] DEBUG:colcon:Command line arguments: ['/usr/bin/colcon', 'build']
[0.098s] DEBUG:colcon:Parsed command line arguments: Namespace(log_base=None, log_level=None, verb_name='build', build_base='build', install_base='install', merge_install=False, symlink_install=False, test_result_base=None, continue_on_error=False, executor='parallel', parallel_workers=8, event_handlers=None, ignore_user_meta=False, metas=['./colcon.meta'], base_paths=['.'], packages_ignore=None, packages_ignore_regex=None, paths=None, packages_up_to=None, packages_up_to_regex=None, packages_above=None, packages_above_and_dependencies=None, packages_above_depth=None, packages_select_by_dep=None, packages_skip_by_dep=None, packages_skip_up_to=None, packages_select_build_failed=False, packages_skip_build_finished=False, packages_select_test_failures=False, packages_skip_test_passed=False, packages_select=None, packages_skip=None, packages_select_regex=None, packages_skip_regex=None, packages_start=None, packages_end=None, allow_overriding=[], cmake_args=None, cmake_target=None, cmake_target_skip_unavailable=False, cmake_clean_cache=False, cmake_clean_first=False, cmake_force_configure=False, ament_cmake_args=None, catkin_cmake_args=None, catkin_skip_building_tests=False, verb_parser=<colcon_defaults.argument_parser.defaults.DefaultArgumentsDecorator object at 0x7f3e3b7195d0>, verb_extension=<colcon_core.verb.build.BuildVerb object at 0x7f3e3b7190c0>, main=<bound method BuildVerb.main of <colcon_core.verb.build.BuildVerb object at 0x7f3e3b7190c0>>)
[0.246s] Level 1:colcon.colcon_core.package_discovery:discover_packages(colcon_meta) check parameters
[0.246s] Level 1:colcon.colcon_core.package_discovery:discover_packages(recursive) check parameters
[0.246s] Level 1:colcon.colcon_core.package_discovery:discover_packages(ignore) check parameters
[0.246s] Level 1:colcon.colcon_core.package_discovery:discover_packages(path) check parameters
[0.246s] Level 1:colcon.colcon_core.package_discovery:discover_packages(colcon_meta) discover
[0.246s] Level 1:colcon.colcon_core.package_discovery:discover_packages(recursive) discover
[0.246s] INFO:colcon.colcon_core.package_discovery:Crawling recursively for packages in '/home/dakshata/ros2_ws'
[0.246s] Level 1:colcon.colcon_core.package_identification:_identify(.) by extensions ['ignore', 'ignore_ament_install']
[0.246s] Level 1:colcon.colcon_core.package_identification:_identify(.) by extension 'ignore'
[0.247s] Level 1:colcon.colcon_core.package_identification:_identify(.) by extension 'ignore_ament_install'
[0.247s] Level 1:colcon.colcon_core.package_identification:_identify(.) by extensions ['colcon_pkg']
[0.247s] Level 1:colcon.colcon_core.package_identification:_identify(.) by extension 'colcon_pkg'
[0.247s] Level 1:colcon.colcon_core.package_identification:_identify(.) by extensions ['colcon_meta']
[0.247s] Level 1:colcon.colcon_core.package_identification:_identify(.) by extension 'colcon_meta'
[0.247s] Level 1:colcon.colcon_core.package_identification:_identify(.) by extensions ['ros']
[0.247s] Level 1:colcon.colcon_core.package_identification:_identify(.) by extension 'ros'
[0.256s] Level 1:colcon.colcon_core.package_identification:_identify(.) by extensions ['cmake', 'python']
[0.256s] Level 1:colcon.colcon_core.package_identification:_identify(.) by extension 'cmake'
[0.257s] Level 1:colcon.colcon_core.package_identification:_identify(.) by extension 'python'
[0.257s] Level 1:colcon.colcon_core.package_identification:_identify(.) by extensions ['python_setup_py']
[0.257s] Level 1:colcon.colcon_core.package_identification:_identify(.) by extension 'python_setup_py'
[0.257s] Level 1:colcon.colcon_core.package_identification:_identify(build) by extensions ['ignore', 'ignore_ament_install']
[0.257s] Level 1:colcon.colcon_core.package_identification:_identify(build) by extension 'ignore'
[0.257s] Level 1:colcon.colcon_core.package_identification:_identify(build) ignored
[0.257s] Level 1:colcon.colcon_core.package_identification:_identify(install) by extensions ['ignore', 'ignore_ament_install']
[0.257s] Level 1:colcon.colcon_core.package_identification:_identify(install) by extension 'ignore'
[0.257s] Level 1:colcon.colcon_core.package_identification:_identify(install) ignored
[0.257s] Level 1:colcon.colcon_core.package_identification:_identify(log) by extensions ['ignore', 'ignore_ament_install']
[0.257s] Level 1:colcon.colcon_core.package_identification:_identify(log) by extension 'ignore'
[0.257s] Level 1:colcon.colcon_core.package_identification:_identify(log) ignored
[0.257s] Level 1:colcon.colcon_core.package_identification:_identify(src) by extensions ['ignore', 'ignore_ament_install']
[0.257s] Level 1:colcon.colcon_core.package_identification:_identify(src) by extension 'ignore'
[0.257s] Level 1:colcon.colcon_core.package_identification:_identify(src) by extension 'ignore_ament_install'
[0.257s] Level 1:colcon.colcon_core.package_identification:_identify(src) by extensions ['colcon_pkg']
[0.258s] Level 1:colcon.colcon_core.package_identification:_identify(src) by extension 'colcon_pkg'
[0.258s] Level 1:colcon.colcon_core.package_identification:_identify(src) by extensions ['colcon_meta']
[0.258s] Level 1:colcon.colcon_core.package_identification:_identify(src) by extension 'colcon_meta'
[0.258s] Level 1:colcon.colcon_core.package_identification:_identify(src) by extensions ['ros']
[0.258s] Level 1:colcon.colcon_core.package_identification:_identify(src) by extension 'ros'
[0.258s] Level 1:colcon.colcon_core.package_identification:_identify(src) by extensions ['cmake', 'python']
[0.258s] Level 1:colcon.colcon_core.package_identification:_identify(src) by extension 'cmake'
[0.258s] Level 1:colcon.colcon_core.package_identification:_identify(src) by extension 'python'
[0.258s] Level 1:colcon.colcon_core.package_identification:_identify(src) by extensions ['python_setup_py']
[0.258s] Level 1:colcon.colcon_core.package_identification:_identify(src) by extension 'python_setup_py'
[0.258s] Level 1:colcon.colcon_core.package_identification:_identify(src/my_nodes) by extensions ['ignore', 'ignore_ament_install']
[0.258s] Level 1:colcon.colcon_core.package_identification:_identify(src/my_nodes) by extension 'ignore'
[0.258s] Level 1:colcon.colcon_core.package_identification:_identify(src/my_nodes) by extension 'ignore_ament_install'
[0.258s] Level 1:colcon.colcon_core.package_identification:_identify(src/my_nodes) by extensions ['colcon_pkg']
[0.258s] Level 1:colcon.colcon_core.package_identification:_identify(src/my_nodes) by extension 'colcon_pkg'
[0.258s] Level 1:colcon.colcon_core.package_identification:_identify(src/my_nodes) by extensions ['colcon_meta']
[0.258s] Level 1:colcon.colcon_core.package_identification:_identify(src/my_nodes) by extension 'colcon_meta'
[0.258s] Level 1:colcon.colcon_core.package_identification:_identify(src/my_nodes) by extensions ['ros']
[0.258s] Level 1:colcon.colcon_core.package_identification:_identify(src/my_nodes) by extension 'ros'
[0.260s] DEBUG:colcon.colcon_core.package_identification:Package 'src/my_nodes' with type 'ros.ament_python' and name 'my_nodes'
[0.260s] Level 1:colcon.colcon_core.package_identification:_identify(src/my_turtlebot3_controller) by extensions ['ignore', 'ignore_ament_install']
[0.260s] Level 1:colcon.colcon_core.package_identification:_identify(src/my_turtlebot3_controller) by extension 'ignore'
[0.260s] Level 1:colcon.colcon_core.package_identification:_identify(src/my_turtlebot3_controller) by extension 'ignore_ament_install'
[0.261s] Level 1:colcon.colcon_core.package_identification:_identify(src/my_turtlebot3_controller) by extensions ['colcon_pkg']
[0.261s] Level 1:colcon.colcon_core.package_identification:_identify(src/my_turtlebot3_controller) by extension 'colcon_pkg'
[0.261s] Level 1:colcon.colcon_core.package_identification:_identify(src/my_turtlebot3_controller) by extensions ['colcon_meta']
[0.261s] Level 1:colcon.colcon_core.package_identification:_identify(src/my_turtlebot3_controller) by extension 'colcon_meta'
[0.261s] Level 1:colcon.colcon_core.package_identification:_identify(src/my_turtlebot3_controller) by extensions ['ros']
[0.261s] Level 1:colcon.colcon_core.package_identification:_identify(src/my_turtlebot3_controller) by extension 'ros'
[0.261s] DEBUG:colcon.colcon_core.package_identification:Package 'src/my_turtlebot3_controller' with type 'ros.ament_python' and name 'my_turtlebot3_controller'
[0.261s] Level 1:colcon.colcon_core.package_identification:_identify(src/turtlebot3_simulations) by extensions ['ignore', 'ignore_ament_install']
[0.261s] Level 1:colcon.colcon_core.package_identification:_identify(src/turtlebot3_simulations) by extension 'ignore'
[0.261s] Level 1:colcon.colcon_core.package_identification:_identify(src/turtlebot3_simulations) by extension 'ignore_ament_install'
[0.262s] Level 1:colcon.colcon_core.package_identification:_identify(src/turtlebot3_simulations) by extensions ['colcon_pkg']
[0.262s] Level 1:colcon.colcon_core.package_identification:_identify(src/turtlebot3_simulations) by extension 'colcon_pkg'
[0.262s] Level 1:colcon.colcon_core.package_identification:_identify(src/turtlebot3_simulations) by extensions ['colcon_meta']
[0.262s] Level 1:colcon.colcon_core.package_identification:_identify(src/turtlebot3_simulations) by extension 'colcon_meta'
[0.262s] Level 1:colcon.colcon_core.package_identification:_identify(src/turtlebot3_simulations) by extensions ['ros']
[0.262s] Level 1:colcon.colcon_core.package_identification:_identify(src/turtlebot3_simulations) by extension 'ros'
[0.262s] Level 1:colcon.colcon_core.package_identification:_identify(src/turtlebot3_simulations) by extensions ['cmake', 'python']
[0.262s] Level 1:colcon.colcon_core.package_identification:_identify(src/turtlebot3_simulations) by extension 'cmake'
[0.262s] Level 1:colcon.colcon_core.package_identification:_identify(src/turtlebot3_simulations) by extension 'python'
[0.262s] Level 1:colcon.colcon_core.package_identification:_identify(src/turtlebot3_simulations) by extensions ['python_setup_py']
[0.262s] Level 1:colcon.colcon_core.package_identification:_identify(src/turtlebot3_simulations) by extension 'python_setup_py'
[0.262s] Level 1:colcon.colcon_core.package_identification:_identify(src/turtlebot3_simulations/turtlebot3_fake_node) by extensions ['ignore', 'ignore_ament_install']
[0.262s] Level 1:colcon.colcon_core.package_identification:_identify(src/turtlebot3_simulations/turtlebot3_fake_node) by extension 'ignore'
[0.262s] Level 1:colcon.colcon_core.package_identification:_identify(src/turtlebot3_simulations/turtlebot3_fake_node) by extension 'ignore_ament_install'
[0.262s] Level 1:colcon.colcon_core.package_identification:_identify(src/turtlebot3_simulations/turtlebot3_fake_node) by extensions ['colcon_pkg']
[0.262s] Level 1:colcon.colcon_core.package_identification:_identify(src/turtlebot3_simulations/turtlebot3_fake_node) by extension 'colcon_pkg'
[0.262s] Level 1:colcon.colcon_core.package_identification:_identify(src/turtlebot3_simulations/turtlebot3_fake_node) by extensions ['colcon_meta']
[0.262s] Level 1:colcon.colcon_core.package_identification:_identify(src/turtlebot3_simulations/turtlebot3_fake_node) by extension 'colcon_meta'
[0.262s] Level 1:colcon.colcon_core.package_identification:_identify(src/turtlebot3_simulations/turtlebot3_fake_node) by extensions ['ros']
[0.262s] Level 1:colcon.colcon_core.package_identification:_identify(src/turtlebot3_simulations/turtlebot3_fake_node) by extension 'ros'
[0.263s] DEBUG:colcon.colcon_core.package_identification:Package 'src/turtlebot3_simulations/turtlebot3_fake_node' with type 'ros.ament_cmake' and name 'turtlebot3_fake_node'
[0.263s] Level 1:colcon.colcon_core.package_identification:_identify(src/turtlebot3_simulations/turtlebot3_gazebo) by extensions ['ignore', 'ignore_ament_install']
[0.263s] Level 1:colcon.colcon_core.package_identification:_identify(src/turtlebot3_simulations/turtlebot3_gazebo) by extension 'ignore'
[0.264s] Level 1:colcon.colcon_core.package_identification:_identify(src/turtlebot3_simulations/turtlebot3_gazebo) by extension 'ignore_ament_install'
[0.264s] Level 1:colcon.colcon_core.package_identification:_identify(src/turtlebot3_simulations/turtlebot3_gazebo) by extensions ['colcon_pkg']
[0.264s] Level 1:colcon.colcon_core.package_identification:_identify(src/turtlebot3_simulations/turtlebot3_gazebo) by extension 'colcon_pkg'
[0.264s] Level 1:colcon.colcon_core.package_identification:_identify(src/turtlebot3_simulations/turtlebot3_gazebo) by extensions ['colcon_meta']
[0.264s] Level 1:colcon.colcon_core.package_identification:_identify(src/turtlebot3_simulations/turtlebot3_gazebo) by extension 'colcon_meta'
[0.264s] Level 1:colcon.colcon_core.package_identification:_identify(src/turtlebot3_simulations/turtlebot3_gazebo) by extensions ['ros']
[0.264s] Level 1:colcon.colcon_core.package_identification:_identify(src/turtlebot3_simulations/turtlebot3_gazebo) by extension 'ros'
[0.265s] DEBUG:colcon.colcon_core.package_identification:Package 'src/turtlebot3_simulations/turtlebot3_gazebo' with type 'ros.ament_cmake' and name 'turtlebot3_gazebo'
[0.265s] Level 1:colcon.colcon_core.package_identification:_identify(src/turtlebot3_simulations/turtlebot3_simulations) by extensions ['ignore', 'ignore_ament_install']
[0.265s] Level 1:colcon.colcon_core.package_identification:_identify(src/turtlebot3_simulations/turtlebot3_simulations) by extension 'ignore'
[0.265s] Level 1:colcon.colcon_core.package_identification:_identify(src/turtlebot3_simulations/turtlebot3_simulations) by extension 'ignore_ament_install'
[0.265s] Level 1:colcon.colcon_core.package_identification:_identify(src/turtlebot3_simulations/turtlebot3_simulations) by extensions ['colcon_pkg']
[0.265s] Level 1:colcon.colcon_core.package_identification:_identify(src/turtlebot3_simulations/turtlebot3_simulations) by extension 'colcon_pkg'
[0.265s] Level 1:colcon.colcon_core.package_identification:_identify(src/turtlebot3_simulations/turtlebot3_simulations) by extensions ['colcon_meta']
[0.265s] Level 1:colcon.colcon_core.package_identification:_identify(src/turtlebot3_simulations/turtlebot3_simulations) by extension 'colcon_meta'
[0.265s] Level 1:colcon.colcon_core.package_identification:_identify(src/turtlebot3_simulations/turtlebot3_simulations) by extensions ['ros']
[0.265s] Level 1:colcon.colcon_core.package_identification:_identify(src/turtlebot3_simulations/turtlebot3_simulations) by extension 'ros'
[0.265s] DEBUG:colcon.colcon_core.package_identification:Package 'src/turtlebot3_simulations/turtlebot3_simulations' with type 'ros.ament_cmake' and name 'turtlebot3_simulations'
[0.266s] Level 1:colcon.colcon_core.package_identification:_identify(test) by extensions ['ignore', 'ignore_ament_install']
[0.266s] Level 1:colcon.colcon_core.package_identification:_identify(test) by extension 'ignore'
[0.266s] Level 1:colcon.colcon_core.package_identification:_identify(test) by extension 'ignore_ament_install'
[0.266s] Level 1:colcon.colcon_core.package_identification:_identify(test) by extensions ['colcon_pkg']
[0.266s] Level 1:colcon.colcon_core.package_identification:_identify(test) by extension 'colcon_pkg'
[0.266s] Level 1:colcon.colcon_core.package_identification:_identify(test) by extensions ['colcon_meta']
[0.266s] Level 1:colcon.colcon_core.package_identification:_identify(test) by extension 'colcon_meta'
[0.266s] Level 1:colcon.colcon_core.package_identification:_identify(test) by extensions ['ros']
[0.266s] Level 1:colcon.colcon_core.package_identification:_identify(test) by extension 'ros'
[0.266s] Level 1:colcon.colcon_core.package_identification:_identify(test) by extensions ['cmake', 'python']
[0.266s] Level 1:colcon.colcon_core.package_identification:_identify(test) by extension 'cmake'
[0.266s] Level 1:colcon.colcon_core.package_identification:_identify(test) by extension 'python'
[0.266s] Level 1:colcon.colcon_core.package_identification:_identify(test) by extensions ['python_setup_py']
[0.266s] Level 1:colcon.colcon_core.package_identification:_identify(test) by extension 'python_setup_py'
[0.266s] Level 1:colcon.colcon_core.package_discovery:discover_packages(recursive) using defaults
[0.266s] Level 1:colcon.colcon_core.package_discovery:discover_packages(ignore) discover
[0.266s] Level 1:colcon.colcon_core.package_discovery:discover_packages(ignore) using defaults
[0.266s] Level 1:colcon.colcon_core.package_discovery:discover_packages(path) discover
[0.266s] Level 1:colcon.colcon_core.package_discovery:discover_packages(path) using defaults
[0.284s] Level 1:colcon.colcon_core.package_discovery:discover_packages(prefix_path) check parameters
[0.284s] Level 1:colcon.colcon_core.package_discovery:discover_packages(prefix_path) discover
[0.285s] DEBUG:colcon.colcon_installed_package_information.package_discovery:Found 1 installed packages in /home/dakshata/ros2_ws/install
[0.286s] DEBUG:colcon.colcon_installed_package_information.package_discovery:Found 384 installed packages in /opt/ros/humble
[0.301s] Level 1:colcon.colcon_core.package_discovery:discover_packages(prefix_path) using defaults
[0.347s] Level 5:colcon.colcon_core.verb:set package 'my_nodes' build argument 'cmake_args' from command line to 'None'
[0.347s] Level 5:colcon.colcon_core.verb:set package 'my_nodes' build argument 'cmake_target' from command line to 'None'
[0.347s] Level 5:colcon.colcon_core.verb:set package 'my_nodes' build argument 'cmake_target_skip_unavailable' from command line to 'False'
[0.347s] Level 5:colcon.colcon_core.verb:set package 'my_nodes' build argument 'cmake_clean_cache' from command line to 'False'
[0.347s] Level 5:colcon.colcon_core.verb:set package 'my_nodes' build argument 'cmake_clean_first' from command line to 'False'
[0.347s] Level 5:colcon.colcon_core.verb:set package 'my_nodes' build argument 'cmake_force_configure' from command line to 'False'
[0.347s] Level 5:colcon.colcon_core.verb:set package 'my_nodes' build argument 'ament_cmake_args' from command line to 'None'
[0.347s] Level 5:colcon.colcon_core.verb:set package 'my_nodes' build argument 'catkin_cmake_args' from command line to 'None'
[0.347s] Level 5:colcon.colcon_core.verb:set package 'my_nodes' build argument 'catkin_skip_building_tests' from command line to 'False'
[0.347s] DEBUG:colcon.colcon_core.verb:Building package 'my_nodes' with the following arguments: {'ament_cmake_args': None, 'build_base': '/home/dakshata/ros2_ws/build/my_nodes', 'catkin_cmake_args': None, 'catkin_skip_building_tests': False, 'cmake_args': None, 'cmake_clean_cache': False, 'cmake_clean_first': False, 'cmake_force_configure': False, 'cmake_target': None, 'cmake_target_skip_unavailable': False, 'install_base': '/home/dakshata/ros2_ws/install/my_nodes', 'merge_install': False, 'path': '/home/dakshata/ros2_ws/src/my_nodes', 'symlink_install': False, 'test_result_base': None}
[0.347s] Level 5:colcon.colcon_core.verb:set package 'my_turtlebot3_controller' build argument 'cmake_args' from command line to 'None'
[0.348s] Level 5:colcon.colcon_core.verb:set package 'my_turtlebot3_controller' build argument 'cmake_target' from command line to 'None'
[0.348s] Level 5:colcon.colcon_core.verb:set package 'my_turtlebot3_controller' build argument 'cmake_target_skip_unavailable' from command line to 'False'
[0.348s] Level 5:colcon.colcon_core.verb:set package 'my_turtlebot3_controller' build argument 'cmake_clean_cache' from command line to 'False'
[0.348s] Level 5:colcon.colcon_core.verb:set package 'my_turtlebot3_controller' build argument 'cmake_clean_first' from command line to 'False'
[0.348s] Level 5:colcon.colcon_core.verb:set package 'my_turtlebot3_controller' build argument 'cmake_force_configure' from command line to 'False'
[0.348s] Level 5:colcon.colcon_core.verb:set package 'my_turtlebot3_controller' build argument 'ament_cmake_args' from command line to 'None'
[0.348s] Level 5:colcon.colcon_core.verb:set package 'my_turtlebot3_controller' build argument 'catkin_cmake_args' from command line to 'None'
[0.348s] Level 5:colcon.colcon_core.verb:set package 'my_turtlebot3_controller' build argument 'catkin_skip_building_tests' from command line to 'False'
[0.348s] DEBUG:colcon.colcon_core.verb:Building package 'my_turtlebot3_controller' with the following arguments: {'ament_cmake_args': None, 'build_base': '/home/dakshata/ros2_ws/build/my_turtlebot3_controller', 'catkin_cmake_args': None, 'catkin_skip_building_tests': False, 'cmake_args': None, 'cmake_clean_cache': False, 'cmake_clean_first': False, 'cmake_force_configure': False, 'cmake_target': None, 'cmake_target_skip_unavailable': False, 'install_base': '/home/dakshata/ros2_ws/install/my_turtlebot3_controller', 'merge_install': False, 'path': '/home/dakshata/ros2_ws/src/my_turtlebot3_controller', 'symlink_install': False, 'test_result_base': None}
[0.348s] Level 5:colcon.colcon_core.verb:set package 'turtlebot3_fake_node' build argument 'cmake_args' from command line to 'None'
[0.348s] Level 5:colcon.colcon_core.verb:set package 'turtlebot3_fake_node' build argument 'cmake_target' from command line to 'None'
[0.348s] Level 5:colcon.colcon_core.verb:set package 'turtlebot3_fake_node' build argument 'cmake_target_skip_unavailable' from command line to 'False'
[0.348s] Level 5:colcon.colcon_core.verb:set package 'turtlebot3_fake_node' build argument 'cmake_clean_cache' from command line to 'False'
[0.348s] Level 5:colcon.colcon_core.verb:set package 'turtlebot3_fake_node' build argument 'cmake_clean_first' from command line to 'False'
[0.348s] Level 5:colcon.colcon_core.verb:set package 'turtlebot3_fake_node' build argument 'cmake_force_configure' from command line to 'False'
[0.348s] Level 5:colcon.colcon_core.verb:set package 'turtlebot3_fake_node' build argument 'ament_cmake_args' from command line to 'None'
[0.348s] Level 5:colcon.colcon_core.verb:set package 'turtlebot3_fake_node' build argument 'catkin_cmake_args' from command line to 'None'
[0.348s] Level 5:colcon.colcon_core.verb:set package 'turtlebot3_fake_node' build argument 'catkin_skip_building_tests' from command line to 'False'
[0.348s] DEBUG:colcon.colcon_core.verb:Building package 'turtlebot3_fake_node' with the following arguments: {'ament_cmake_args': None, 'build_base': '/home/dakshata/ros2_ws/build/turtlebot3_fake_node', 'catkin_cmake_args': None, 'catkin_skip_building_tests': False, 'cmake_args': None, 'cmake_clean_cache': False, 'cmake_clean_first': False, 'cmake_force_configure': False, 'cmake_target': None, 'cmake_target_skip_unavailable': False, 'install_base': '/home/dakshata/ros2_ws/install/turtlebot3_fake_node', 'merge_install': False, 'path': '/home/dakshata/ros2_ws/src/turtlebot3_simulations/turtlebot3_fake_node', 'symlink_install': False, 'test_result_base': None}
[0.349s] Level 5:colcon.colcon_core.verb:set package 'turtlebot3_gazebo' build argument 'cmake_args' from command line to 'None'
[0.349s] Level 5:colcon.colcon_core.verb:set package 'turtlebot3_gazebo' build argument 'cmake_target' from command line to 'None'
[0.349s] Level 5:colcon.colcon_core.verb:set package 'turtlebot3_gazebo' build argument 'cmake_target_skip_unavailable' from command line to 'False'
[0.349s] Level 5:colcon.colcon_core.verb:set package 'turtlebot3_gazebo' build argument 'cmake_clean_cache' from command line to 'False'
[0.349s] Level 5:colcon.colcon_core.verb:set package 'turtlebot3_gazebo' build argument 'cmake_clean_first' from command line to 'False'
[0.349s] Level 5:colcon.colcon_core.verb:set package 'turtlebot3_gazebo' build argument 'cmake_force_configure' from command line to 'False'
[0.349s] Level 5:colcon.colcon_core.verb:set package 'turtlebot3_gazebo' build argument 'ament_cmake_args' from command line to 'None'
[0.349s] Level 5:colcon.colcon_core.verb:set package 'turtlebot3_gazebo' build argument 'catkin_cmake_args' from command line to 'None'
[0.349s] Level 5:colcon.colcon_core.verb:set package 'turtlebot3_gazebo' build argument 'catkin_skip_building_tests' from command line to 'False'
[0.349s] DEBUG:colcon.colcon_core.verb:Building package 'turtlebot3_gazebo' with the following arguments: {'ament_cmake_args': None, 'build_base': '/home/dakshata/ros2_ws/build/turtlebot3_gazebo', 'catkin_cmake_args': None, 'catkin_skip_building_tests': False, 'cmake_args': None, 'cmake_clean_cache': False, 'cmake_clean_first': False, 'cmake_force_configure': False, 'cmake_target': None, 'cmake_target_skip_unavailable': False, 'install_base': '/home/dakshata/ros2_ws/install/turtlebot3_gazebo', 'merge_install': False, 'path': '/home/dakshata/ros2_ws/src/turtlebot3_simulations/turtlebot3_gazebo', 'symlink_install': False, 'test_result_base': None}
[0.349s] Level 5:colcon.colcon_core.verb:set package 'turtlebot3_simulations' build argument 'cmake_args' from command line to 'None'
[0.349s] Level 5:colcon.colcon_core.verb:set package 'turtlebot3_simulations' build argument 'cmake_target' from command line to 'None'
[0.349s] Level 5:colcon.colcon_core.verb:set package 'turtlebot3_simulations' build argument 'cmake_target_skip_unavailable' from command line to 'False'
[0.349s] Level 5:colcon.colcon_core.verb:set package 'turtlebot3_simulations' build argument 'cmake_clean_cache' from command line to 'False'
[0.349s] Level 5:colcon.colcon_core.verb:set package 'turtlebot3_simulations' build argument 'cmake_clean_first' from command line to 'False'
[0.349s] Level 5:colcon.colcon_core.verb:set package 'turtlebot3_simulations' build argument 'cmake_force_configure' from command line to 'False'
[0.349s] Level 5:colcon.colcon_core.verb:set package 'turtlebot3_simulations' build argument 'ament_cmake_args' from command line to 'None'
[0.349s] Level 5:colcon.colcon_core.verb:set package 'turtlebot3_simulations' build argument 'catkin_cmake_args' from command line to 'None'
[0.349s] Level 5:colcon.colcon_core.verb:set package 'turtlebot3_simulations' build argument 'catkin_skip_building_tests' from command line to 'False'
[0.349s] DEBUG:colcon.colcon_core.verb:Building package 'turtlebot3_simulations' with the following arguments: {'ament_cmake_args': None, 'build_base': '/home/dakshata/ros2_ws/build/turtlebot3_simulations', 'catkin_cmake_args': None, 'catkin_skip_building_tests': False, 'cmake_args': None, 'cmake_clean_cache': False, 'cmake_clean_first': False, 'cmake_force_configure': False, 'cmake_target': None, 'cmake_target_skip_unavailable': False, 'install_base': '/home/dakshata/ros2_ws/install/turtlebot3_simulations', 'merge_install': False, 'path': '/home/dakshata/ros2_ws/src/turtlebot3_simulations/turtlebot3_simulations', 'symlink_install': False, 'test_result_base': None}
[0.349s] INFO:colcon.colcon_core.executor:Executing jobs using 'parallel' executor
[0.350s] DEBUG:colcon.colcon_parallel_executor.executor.parallel:run_until_complete
[0.350s] INFO:colcon.colcon_ros.task.ament_cmake.build:Building ROS package in '/home/dakshata/ros2_ws/src/turtlebot3_simulations/turtlebot3_fake_node' with build type 'ament_cmake'
[0.350s] INFO:colcon.colcon_cmake.task.cmake.build:Building CMake package in '/home/dakshata/ros2_ws/src/turtlebot3_simulations/turtlebot3_fake_node'
[0.352s] INFO:colcon.colcon_core.plugin_system:Skipping extension 'colcon_core.shell.bat': Not used on non-Windows systems
[0.352s] INFO:colcon.colcon_core.shell:Skip shell extension 'powershell' for command environment: Not usable outside of PowerShell
[0.352s] DEBUG:colcon.colcon_core.shell:Skip shell extension 'dsv' for command environment
[0.355s] INFO:colcon.colcon_ros.task.ament_cmake.build:Building ROS package in '/home/dakshata/ros2_ws/src/turtlebot3_simulations/turtlebot3_gazebo' with build type 'ament_cmake'
[0.356s] INFO:colcon.colcon_cmake.task.cmake.build:Building CMake package in '/home/dakshata/ros2_ws/src/turtlebot3_simulations/turtlebot3_gazebo'
[0.356s] INFO:colcon.colcon_core.shell:Skip shell extension 'powershell' for command environment: Not usable outside of PowerShell
[0.356s] DEBUG:colcon.colcon_core.shell:Skip shell extension 'dsv' for command environment
[0.358s] INFO:colcon.colcon_ros.task.ament_python.build:Building ROS package in '/home/dakshata/ros2_ws/src/my_nodes' with build type 'ament_python'
[0.359s] Level 1:colcon.colcon_core.shell:create_environment_hook('my_nodes', 'ament_prefix_path')
[0.359s] INFO:colcon.colcon_core.shell:Creating environment hook '/home/dakshata/ros2_ws/install/my_nodes/share/my_nodes/hook/ament_prefix_path.ps1'
[0.359s] INFO:colcon.colcon_core.shell:Creating environment descriptor '/home/dakshata/ros2_ws/install/my_nodes/share/my_nodes/hook/ament_prefix_path.dsv'
[0.360s] INFO:colcon.colcon_core.shell:Creating environment hook '/home/dakshata/ros2_ws/install/my_nodes/share/my_nodes/hook/ament_prefix_path.sh'
[0.360s] INFO:colcon.colcon_core.shell:Skip shell extension 'powershell' for command environment: Not usable outside of PowerShell
[0.360s] DEBUG:colcon.colcon_core.shell:Skip shell extension 'dsv' for command environment
[0.363s] INFO:colcon.colcon_ros.task.ament_python.build:Building ROS package in '/home/dakshata/ros2_ws/src/my_turtlebot3_controller' with build type 'ament_python'
[0.363s] Level 1:colcon.colcon_core.shell:create_environment_hook('my_turtlebot3_controller', 'ament_prefix_path')
[0.363s] INFO:colcon.colcon_core.shell:Creating environment hook '/home/dakshata/ros2_ws/install/my_turtlebot3_controller/share/my_turtlebot3_controller/hook/ament_prefix_path.ps1'
[0.364s] INFO:colcon.colcon_core.shell:Creating environment descriptor '/home/dakshata/ros2_ws/install/my_turtlebot3_controller/share/my_turtlebot3_controller/hook/ament_prefix_path.dsv'
[0.364s] INFO:colcon.colcon_core.shell:Creating environment hook '/home/dakshata/ros2_ws/install/my_turtlebot3_controller/share/my_turtlebot3_controller/hook/ament_prefix_path.sh'
[0.364s] INFO:colcon.colcon_core.shell:Skip shell extension 'powershell' for command environment: Not usable outside of PowerShell
[0.365s] DEBUG:colcon.colcon_core.shell:Skip shell extension 'dsv' for command environment
[0.373s] DEBUG:colcon.colcon_core.event_handler.log_command:Invoking command in '/home/dakshata/ros2_ws/build/turtlebot3_fake_node': CMAKE_PREFIX_PATH=/home/dakshata/ros2_ws/install/my_turtlebot3_controller:/opt/ros/humble CONDA_PROMPT_MODIFIER=(base) /usr/bin/cmake /home/dakshata/ros2_ws/src/turtlebot3_simulations/turtlebot3_fake_node -DCMAKE_INSTALL_PREFIX=/home/dakshata/ros2_ws/install/turtlebot3_fake_node
[0.374s] DEBUG:colcon.colcon_core.event_handler.log_command:Invoking command in '/home/dakshata/ros2_ws/build/turtlebot3_gazebo': CMAKE_PREFIX_PATH=/home/dakshata/ros2_ws/install/my_turtlebot3_controller:/opt/ros/humble CONDA_PROMPT_MODIFIER=(base) /usr/bin/cmake /home/dakshata/ros2_ws/src/turtlebot3_simulations/turtlebot3_gazebo -DCMAKE_INSTALL_PREFIX=/home/dakshata/ros2_ws/install/turtlebot3_gazebo
[0.675s] INFO:colcon.colcon_core.task.python.build:Building Python package in '/home/dakshata/ros2_ws/src/my_nodes'
[0.675s] INFO:colcon.colcon_core.shell:Skip shell extension 'powershell' for command environment: Not usable outside of PowerShell
[0.675s] DEBUG:colcon.colcon_core.shell:Skip shell extension 'dsv' for command environment
[1.060s] INFO:colcon.colcon_core.task.python.build:Building Python package in '/home/dakshata/ros2_ws/src/my_turtlebot3_controller'
[1.061s] INFO:colcon.colcon_core.shell:Skip shell extension 'powershell' for command environment: Not usable outside of PowerShell
[1.061s] DEBUG:colcon.colcon_core.shell:Skip shell extension 'dsv' for command environment
[1.669s] DEBUG:colcon.colcon_core.event_handler.log_command:Invoking command in '/home/dakshata/ros2_ws/src/my_nodes': CONDA_PROMPT_MODIFIER=(base) PYTHONPATH=/home/dakshata/ros2_ws/build/my_nodes/prefix_override:/usr/lib/python3/dist-packages/colcon_core/task/python/colcon_distutils_commands:/home/dakshata/ros2_ws/install/my_nodes/lib/python3.10/site-packages:${PYTHONPATH} /usr/bin/python3 -W ignore:setup.py install is deprecated setup.py egg_info --egg-base ../../build/my_nodes build --build-base /home/dakshata/ros2_ws/build/my_nodes/build install --record /home/dakshata/ros2_ws/build/my_nodes/install.log --single-version-externally-managed install_data
[1.691s] DEBUG:colcon.colcon_core.event_handler.log_command:Invoking command in '/home/dakshata/ros2_ws/src/my_turtlebot3_controller': CONDA_PROMPT_MODIFIER=(base) PYTHONPATH=/home/dakshata/ros2_ws/build/my_turtlebot3_controller/prefix_override:/usr/lib/python3/dist-packages/colcon_core/task/python/colcon_distutils_commands:/home/dakshata/ros2_ws/install/my_turtlebot3_controller/lib/python3.10/site-packages:${PYTHONPATH} /usr/bin/python3 -W ignore:setup.py install is deprecated setup.py egg_info --egg-base ../../build/my_turtlebot3_controller build --build-base /home/dakshata/ros2_ws/build/my_turtlebot3_controller/build install --record /home/dakshata/ros2_ws/build/my_turtlebot3_controller/install.log --single-version-externally-managed install_data
[2.242s] DEBUG:colcon.colcon_core.event_handler.log_command:Invoked command in '/home/dakshata/ros2_ws/src/my_nodes' returned '0': CONDA_PROMPT_MODIFIER=(base) PYTHONPATH=/home/dakshata/ros2_ws/build/my_nodes/prefix_override:/usr/lib/python3/dist-packages/colcon_core/task/python/colcon_distutils_commands:/home/dakshata/ros2_ws/install/my_nodes/lib/python3.10/site-packages:${PYTHONPATH} /usr/bin/python3 -W ignore:setup.py install is deprecated setup.py egg_info --egg-base ../../build/my_nodes build --build-base /home/dakshata/ros2_ws/build/my_nodes/build install --record /home/dakshata/ros2_ws/build/my_nodes/install.log --single-version-externally-managed install_data
[2.245s] Level 1:colcon.colcon_core.environment:checking '/home/dakshata/ros2_ws/install/my_nodes' for CMake module files
[2.247s] Level 1:colcon.colcon_core.environment:checking '/home/dakshata/ros2_ws/install/my_nodes' for CMake config files
[2.249s] Level 1:colcon.colcon_core.environment:checking '/home/dakshata/ros2_ws/install/my_nodes/lib'
[2.249s] Level 1:colcon.colcon_core.environment:checking '/home/dakshata/ros2_ws/install/my_nodes/bin'
[2.249s] Level 1:colcon.colcon_core.environment:checking '/home/dakshata/ros2_ws/install/my_nodes/lib/pkgconfig/my_nodes.pc'
[2.250s] Level 1:colcon.colcon_core.environment:checking '/home/dakshata/ros2_ws/install/my_nodes/lib/python3.10/site-packages'
[2.250s] Level 1:colcon.colcon_core.shell:create_environment_hook('my_nodes', 'pythonpath')
[2.250s] INFO:colcon.colcon_core.shell:Creating environment hook '/home/dakshata/ros2_ws/install/my_nodes/share/my_nodes/hook/pythonpath.ps1'
[2.251s] INFO:colcon.colcon_core.shell:Creating environment descriptor '/home/dakshata/ros2_ws/install/my_nodes/share/my_nodes/hook/pythonpath.dsv'
[2.252s] INFO:colcon.colcon_core.shell:Creating environment hook '/home/dakshata/ros2_ws/install/my_nodes/share/my_nodes/hook/pythonpath.sh'
[2.253s] Level 1:colcon.colcon_core.environment:checking '/home/dakshata/ros2_ws/install/my_nodes/bin'
[2.254s] Level 1:colcon.colcon_core.environment:create_environment_scripts_only(my_nodes)
[2.254s] INFO:colcon.colcon_core.shell:Creating package script '/home/dakshata/ros2_ws/install/my_nodes/share/my_nodes/package.ps1'
[2.257s] INFO:colcon.colcon_core.shell:Creating package descriptor '/home/dakshata/ros2_ws/install/my_nodes/share/my_nodes/package.dsv'
[2.258s] INFO:colcon.colcon_core.shell:Creating package script '/home/dakshata/ros2_ws/install/my_nodes/share/my_nodes/package.sh'
[2.261s] INFO:colcon.colcon_core.shell:Creating package script '/home/dakshata/ros2_ws/install/my_nodes/share/my_nodes/package.bash'
[2.262s] INFO:colcon.colcon_core.shell:Creating package script '/home/dakshata/ros2_ws/install/my_nodes/share/my_nodes/package.zsh'
[2.263s] Level 1:colcon.colcon_core.environment:create_file_with_runtime_dependencies(/home/dakshata/ros2_ws/install/my_nodes/share/colcon-core/packages/my_nodes)
[2.305s] Level 1:colcon.colcon_core.environment:checking '/home/dakshata/ros2_ws/install/my_turtlebot3_controller' for CMake module files
[2.306s] DEBUG:colcon.colcon_core.event_handler.log_command:Invoked command in '/home/dakshata/ros2_ws/src/my_turtlebot3_controller' returned '0': CONDA_PROMPT_MODIFIER=(base) PYTHONPATH=/home/dakshata/ros2_ws/build/my_turtlebot3_controller/prefix_override:/usr/lib/python3/dist-packages/colcon_core/task/python/colcon_distutils_commands:/home/dakshata/ros2_ws/install/my_turtlebot3_controller/lib/python3.10/site-packages:${PYTHONPATH} /usr/bin/python3 -W ignore:setup.py install is deprecated setup.py egg_info --egg-base ../../build/my_turtlebot3_controller build --build-base /home/dakshata/ros2_ws/build/my_turtlebot3_controller/build install --record /home/dakshata/ros2_ws/build/my_turtlebot3_controller/install.log --single-version-externally-managed install_data
[2.306s] Level 1:colcon.colcon_core.environment:checking '/home/dakshata/ros2_ws/install/my_turtlebot3_controller' for CMake config files
[2.307s] Level 1:colcon.colcon_core.environment:checking '/home/dakshata/ros2_ws/install/my_turtlebot3_controller/lib'
[2.307s] Level 1:colcon.colcon_core.environment:checking '/home/dakshata/ros2_ws/install/my_turtlebot3_controller/bin'
[2.307s] Level 1:colcon.colcon_core.environment:checking '/home/dakshata/ros2_ws/install/my_turtlebot3_controller/lib/pkgconfig/my_turtlebot3_controller.pc'
[2.307s] Level 1:colcon.colcon_core.environment:checking '/home/dakshata/ros2_ws/install/my_turtlebot3_controller/lib/python3.10/site-packages'
[2.307s] Level 1:colcon.colcon_core.shell:create_environment_hook('my_turtlebot3_controller', 'pythonpath')
[2.308s] INFO:colcon.colcon_core.shell:Creating environment hook '/home/dakshata/ros2_ws/install/my_turtlebot3_controller/share/my_turtlebot3_controller/hook/pythonpath.ps1'
[2.308s] INFO:colcon.colcon_core.shell:Creating environment descriptor '/home/dakshata/ros2_ws/install/my_turtlebot3_controller/share/my_turtlebot3_controller/hook/pythonpath.dsv'
[2.309s] INFO:colcon.colcon_core.shell:Creating environment hook '/home/dakshata/ros2_ws/install/my_turtlebot3_controller/share/my_turtlebot3_controller/hook/pythonpath.sh'
[2.309s] Level 1:colcon.colcon_core.environment:checking '/home/dakshata/ros2_ws/install/my_turtlebot3_controller/bin'
[2.309s] Level 1:colcon.colcon_core.environment:create_environment_scripts_only(my_turtlebot3_controller)
[2.309s] INFO:colcon.colcon_core.shell:Creating package script '/home/dakshata/ros2_ws/install/my_turtlebot3_controller/share/my_turtlebot3_controller/package.ps1'
[2.310s] INFO:colcon.colcon_core.shell:Creating package descriptor '/home/dakshata/ros2_ws/install/my_turtlebot3_controller/share/my_turtlebot3_controller/package.dsv'
[2.310s] INFO:colcon.colcon_core.shell:Creating package script '/home/dakshata/ros2_ws/install/my_turtlebot3_controller/share/my_turtlebot3_controller/package.sh'
[2.311s] INFO:colcon.colcon_core.shell:Creating package script '/home/dakshata/ros2_ws/install/my_turtlebot3_controller/share/my_turtlebot3_controller/package.bash'
[2.311s] INFO:colcon.colcon_core.shell:Creating package script '/home/dakshata/ros2_ws/install/my_turtlebot3_controller/share/my_turtlebot3_controller/package.zsh'
[2.311s] Level 1:colcon.colcon_core.environment:create_file_with_runtime_dependencies(/home/dakshata/ros2_ws/install/my_turtlebot3_controller/share/colcon-core/packages/my_turtlebot3_controller)
[3.435s] DEBUG:colcon.colcon_core.event_handler.log_command:Invoked command in '/home/dakshata/ros2_ws/build/turtlebot3_fake_node' returned '0': CMAKE_PREFIX_PATH=/home/dakshata/ros2_ws/install/my_turtlebot3_controller:/opt/ros/humble CONDA_PROMPT_MODIFIER=(base) /usr/bin/cmake /home/dakshata/ros2_ws/src/turtlebot3_simulations/turtlebot3_fake_node -DCMAKE_INSTALL_PREFIX=/home/dakshata/ros2_ws/install/turtlebot3_fake_node
[3.437s] DEBUG:colcon.colcon_core.event_handler.log_command:Invoking command in '/home/dakshata/ros2_ws/build/turtlebot3_fake_node': CMAKE_PREFIX_PATH=/home/dakshata/ros2_ws/install/my_turtlebot3_controller:/opt/ros/humble CONDA_PROMPT_MODIFIER=(base) /usr/bin/cmake --build /home/dakshata/ros2_ws/build/turtlebot3_fake_node -- -j8 -l8
[3.944s] DEBUG:colcon.colcon_core.event_handler.log_command:Invoked command in '/home/dakshata/ros2_ws/build/turtlebot3_gazebo' returned '0': CMAKE_PREFIX_PATH=/home/dakshata/ros2_ws/install/my_turtlebot3_controller:/opt/ros/humble CONDA_PROMPT_MODIFIER=(base) /usr/bin/cmake /home/dakshata/ros2_ws/src/turtlebot3_simulations/turtlebot3_gazebo -DCMAKE_INSTALL_PREFIX=/home/dakshata/ros2_ws/install/turtlebot3_gazebo
[3.946s] DEBUG:colcon.colcon_core.event_handler.log_command:Invoking command in '/home/dakshata/ros2_ws/build/turtlebot3_gazebo': CMAKE_PREFIX_PATH=/home/dakshata/ros2_ws/install/my_turtlebot3_controller:/opt/ros/humble CONDA_PROMPT_MODIFIER=(base) /usr/bin/cmake --build /home/dakshata/ros2_ws/build/turtlebot3_gazebo -- -j8 -l8
[18.047s] DEBUG:colcon.colcon_core.event_handler.log_command:Invoked command in '/home/dakshata/ros2_ws/build/turtlebot3_fake_node' returned '0': CMAKE_PREFIX_PATH=/home/dakshata/ros2_ws/install/my_turtlebot3_controller:/opt/ros/humble CONDA_PROMPT_MODIFIER=(base) /usr/bin/cmake --build /home/dakshata/ros2_ws/build/turtlebot3_fake_node -- -j8 -l8
[18.101s] DEBUG:colcon.colcon_core.event_handler.log_command:Invoking command in '/home/dakshata/ros2_ws/build/turtlebot3_fake_node': CMAKE_PREFIX_PATH=/home/dakshata/ros2_ws/install/my_turtlebot3_controller:/opt/ros/humble CONDA_PROMPT_MODIFIER=(base) /usr/bin/cmake --install /home/dakshata/ros2_ws/build/turtlebot3_fake_node
[18.128s] Level 1:colcon.colcon_core.environment:create_environment_scripts_only(turtlebot3_fake_node)
[18.129s] Level 1:colcon.colcon_core.environment:checking '/home/dakshata/ros2_ws/install/turtlebot3_fake_node' for CMake module files
[18.130s] DEBUG:colcon.colcon_core.event_handler.log_command:Invoked command in '/home/dakshata/ros2_ws/build/turtlebot3_fake_node' returned '0': CMAKE_PREFIX_PATH=/home/dakshata/ros2_ws/install/my_turtlebot3_controller:/opt/ros/humble CONDA_PROMPT_MODIFIER=(base) /usr/bin/cmake --install /home/dakshata/ros2_ws/build/turtlebot3_fake_node
[18.131s] Level 1:colcon.colcon_core.environment:checking '/home/dakshata/ros2_ws/install/turtlebot3_fake_node' for CMake config files
[18.131s] Level 1:colcon.colcon_core.shell:create_environment_hook('turtlebot3_fake_node', 'cmake_prefix_path')
[18.131s] INFO:colcon.colcon_core.shell:Creating environment hook '/home/dakshata/ros2_ws/install/turtlebot3_fake_node/share/turtlebot3_fake_node/hook/cmake_prefix_path.ps1'
[18.132s] INFO:colcon.colcon_core.shell:Creating environment descriptor '/home/dakshata/ros2_ws/install/turtlebot3_fake_node/share/turtlebot3_fake_node/hook/cmake_prefix_path.dsv'
[18.133s] INFO:colcon.colcon_core.shell:Creating environment hook '/home/dakshata/ros2_ws/install/turtlebot3_fake_node/share/turtlebot3_fake_node/hook/cmake_prefix_path.sh'
[18.133s] Level 1:colcon.colcon_core.environment:checking '/home/dakshata/ros2_ws/install/turtlebot3_fake_node/lib'
[18.134s] Level 1:colcon.colcon_core.environment:checking '/home/dakshata/ros2_ws/install/turtlebot3_fake_node/bin'
[18.134s] Level 1:colcon.colcon_core.environment:checking '/home/dakshata/ros2_ws/install/turtlebot3_fake_node/lib/pkgconfig/turtlebot3_fake_node.pc'
[18.134s] Level 1:colcon.colcon_core.environment:checking '/home/dakshata/ros2_ws/install/turtlebot3_fake_node/lib/python3.10/site-packages'
[18.135s] Level 1:colcon.colcon_core.environment:checking '/home/dakshata/ros2_ws/install/turtlebot3_fake_node/bin'
[18.135s] INFO:colcon.colcon_core.shell:Creating package script '/home/dakshata/ros2_ws/install/turtlebot3_fake_node/share/turtlebot3_fake_node/package.ps1'
[18.136s] INFO:colcon.colcon_core.shell:Creating package descriptor '/home/dakshata/ros2_ws/install/turtlebot3_fake_node/share/turtlebot3_fake_node/package.dsv'
[18.137s] INFO:colcon.colcon_core.shell:Creating package script '/home/dakshata/ros2_ws/install/turtlebot3_fake_node/share/turtlebot3_fake_node/package.sh'
[18.138s] INFO:colcon.colcon_core.shell:Creating package script '/home/dakshata/ros2_ws/install/turtlebot3_fake_node/share/turtlebot3_fake_node/package.bash'
[18.138s] INFO:colcon.colcon_core.shell:Creating package script '/home/dakshata/ros2_ws/install/turtlebot3_fake_node/share/turtlebot3_fake_node/package.zsh'
[18.139s] Level 1:colcon.colcon_core.environment:create_file_with_runtime_dependencies(/home/dakshata/ros2_ws/install/turtlebot3_fake_node/share/colcon-core/packages/turtlebot3_fake_node)
[18.178s] Level 1:colcon.colcon_core.environment:create_environment_scripts_only(turtlebot3_fake_node)
[18.179s] Level 1:colcon.colcon_core.environment:checking '/home/dakshata/ros2_ws/install/turtlebot3_fake_node' for CMake module files
[18.179s] Level 1:colcon.colcon_core.environment:checking '/home/dakshata/ros2_ws/install/turtlebot3_fake_node' for CMake config files
[18.180s] Level 1:colcon.colcon_core.shell:create_environment_hook('turtlebot3_fake_node', 'cmake_prefix_path')
[18.180s] INFO:colcon.colcon_core.shell:Creating environment hook '/home/dakshata/ros2_ws/install/turtlebot3_fake_node/share/turtlebot3_fake_node/hook/cmake_prefix_path.ps1'
[18.181s] INFO:colcon.colcon_core.shell:Creating environment descriptor '/home/dakshata/ros2_ws/install/turtlebot3_fake_node/share/turtlebot3_fake_node/hook/cmake_prefix_path.dsv'
[18.181s] INFO:colcon.colcon_core.shell:Creating environment hook '/home/dakshata/ros2_ws/install/turtlebot3_fake_node/share/turtlebot3_fake_node/hook/cmake_prefix_path.sh'
[18.182s] Level 1:colcon.colcon_core.environment:checking '/home/dakshata/ros2_ws/install/turtlebot3_fake_node/lib'
[18.183s] Level 1:colcon.colcon_core.environment:checking '/home/dakshata/ros2_ws/install/turtlebot3_fake_node/bin'
[18.183s] Level 1:colcon.colcon_core.environment:checking '/home/dakshata/ros2_ws/install/turtlebot3_fake_node/lib/pkgconfig/turtlebot3_fake_node.pc'
[18.183s] Level 1:colcon.colcon_core.environment:checking '/home/dakshata/ros2_ws/install/turtlebot3_fake_node/lib/python3.10/site-packages'
[18.184s] Level 1:colcon.colcon_core.environment:checking '/home/dakshata/ros2_ws/install/turtlebot3_fake_node/bin'
[18.184s] INFO:colcon.colcon_core.shell:Creating package script '/home/dakshata/ros2_ws/install/turtlebot3_fake_node/share/turtlebot3_fake_node/package.ps1'
[18.185s] INFO:colcon.colcon_core.shell:Creating package descriptor '/home/dakshata/ros2_ws/install/turtlebot3_fake_node/share/turtlebot3_fake_node/package.dsv'
[18.186s] INFO:colcon.colcon_core.shell:Creating package script '/home/dakshata/ros2_ws/install/turtlebot3_fake_node/share/turtlebot3_fake_node/package.sh'
[18.187s] INFO:colcon.colcon_core.shell:Creating package script '/home/dakshata/ros2_ws/install/turtlebot3_fake_node/share/turtlebot3_fake_node/package.bash'
[18.188s] INFO:colcon.colcon_core.shell:Creating package script '/home/dakshata/ros2_ws/install/turtlebot3_fake_node/share/turtlebot3_fake_node/package.zsh'
[18.188s] Level 1:colcon.colcon_core.environment:create_file_with_runtime_dependencies(/home/dakshata/ros2_ws/install/turtlebot3_fake_node/share/colcon-core/packages/turtlebot3_fake_node)
[24.192s] DEBUG:colcon.colcon_core.event_handler.log_command:Invoked command in '/home/dakshata/ros2_ws/build/turtlebot3_gazebo' returned '0': CMAKE_PREFIX_PATH=/home/dakshata/ros2_ws/install/my_turtlebot3_controller:/opt/ros/humble CONDA_PROMPT_MODIFIER=(base) /usr/bin/cmake --build /home/dakshata/ros2_ws/build/turtlebot3_gazebo -- -j8 -l8
[24.232s] DEBUG:colcon.colcon_core.event_handler.log_command:Invoking command in '/home/dakshata/ros2_ws/build/turtlebot3_gazebo': CMAKE_PREFIX_PATH=/home/dakshata/ros2_ws/install/my_turtlebot3_controller:/opt/ros/humble CONDA_PROMPT_MODIFIER=(base) /usr/bin/cmake --install /home/dakshata/ros2_ws/build/turtlebot3_gazebo
[24.273s] Level 1:colcon.colcon_core.environment:create_environment_scripts_only(turtlebot3_gazebo)
[24.273s] Level 1:colcon.colcon_core.environment:checking '/home/dakshata/ros2_ws/install/turtlebot3_gazebo' for CMake module files
[24.274s] DEBUG:colcon.colcon_core.event_handler.log_command:Invoked command in '/home/dakshata/ros2_ws/build/turtlebot3_gazebo' returned '0': CMAKE_PREFIX_PATH=/home/dakshata/ros2_ws/install/my_turtlebot3_controller:/opt/ros/humble CONDA_PROMPT_MODIFIER=(base) /usr/bin/cmake --install /home/dakshata/ros2_ws/build/turtlebot3_gazebo
[24.274s] Level 1:colcon.colcon_core.environment:checking '/home/dakshata/ros2_ws/install/turtlebot3_gazebo' for CMake config files
[24.275s] Level 1:colcon.colcon_core.shell:create_environment_hook('turtlebot3_gazebo', 'cmake_prefix_path')
[24.275s] INFO:colcon.colcon_core.shell:Creating environment hook '/home/dakshata/ros2_ws/install/turtlebot3_gazebo/share/turtlebot3_gazebo/hook/cmake_prefix_path.ps1'
[24.275s] INFO:colcon.colcon_core.shell:Creating environment descriptor '/home/dakshata/ros2_ws/install/turtlebot3_gazebo/share/turtlebot3_gazebo/hook/cmake_prefix_path.dsv'
[24.276s] INFO:colcon.colcon_core.shell:Creating environment hook '/home/dakshata/ros2_ws/install/turtlebot3_gazebo/share/turtlebot3_gazebo/hook/cmake_prefix_path.sh'
[24.276s] Level 1:colcon.colcon_core.environment:checking '/home/dakshata/ros2_ws/install/turtlebot3_gazebo/lib'
[24.276s] Level 1:colcon.colcon_core.environment:checking '/home/dakshata/ros2_ws/install/turtlebot3_gazebo/bin'
[24.276s] Level 1:colcon.colcon_core.environment:checking '/home/dakshata/ros2_ws/install/turtlebot3_gazebo/lib/pkgconfig/turtlebot3_gazebo.pc'
[24.277s] Level 1:colcon.colcon_core.environment:checking '/home/dakshata/ros2_ws/install/turtlebot3_gazebo/lib/python3.10/site-packages'
[24.277s] Level 1:colcon.colcon_core.environment:checking '/home/dakshata/ros2_ws/install/turtlebot3_gazebo/bin'
[24.277s] INFO:colcon.colcon_core.shell:Creating package script '/home/dakshata/ros2_ws/install/turtlebot3_gazebo/share/turtlebot3_gazebo/package.ps1'
[24.277s] INFO:colcon.colcon_core.shell:Creating package descriptor '/home/dakshata/ros2_ws/install/turtlebot3_gazebo/share/turtlebot3_gazebo/package.dsv'
[24.278s] INFO:colcon.colcon_core.shell:Creating package script '/home/dakshata/ros2_ws/install/turtlebot3_gazebo/share/turtlebot3_gazebo/package.sh'
[24.278s] INFO:colcon.colcon_core.shell:Creating package script '/home/dakshata/ros2_ws/install/turtlebot3_gazebo/share/turtlebot3_gazebo/package.bash'
[24.278s] INFO:colcon.colcon_core.shell:Creating package script '/home/dakshata/ros2_ws/install/turtlebot3_gazebo/share/turtlebot3_gazebo/package.zsh'
[24.279s] Level 1:colcon.colcon_core.environment:create_file_with_runtime_dependencies(/home/dakshata/ros2_ws/install/turtlebot3_gazebo/share/colcon-core/packages/turtlebot3_gazebo)
[24.316s] Level 1:colcon.colcon_core.environment:create_environment_scripts_only(turtlebot3_gazebo)
[24.317s] Level 1:colcon.colcon_core.environment:checking '/home/dakshata/ros2_ws/install/turtlebot3_gazebo' for CMake module files
[24.317s] Level 1:colcon.colcon_core.environment:checking '/home/dakshata/ros2_ws/install/turtlebot3_gazebo' for CMake config files
[24.318s] Level 1:colcon.colcon_core.shell:create_environment_hook('turtlebot3_gazebo', 'cmake_prefix_path')
[24.318s] INFO:colcon.colcon_core.shell:Creating environment hook '/home/dakshata/ros2_ws/install/turtlebot3_gazebo/share/turtlebot3_gazebo/hook/cmake_prefix_path.ps1'
[24.318s] INFO:colcon.colcon_core.shell:Creating environment descriptor '/home/dakshata/ros2_ws/install/turtlebot3_gazebo/share/turtlebot3_gazebo/hook/cmake_prefix_path.dsv'
[24.319s] INFO:colcon.colcon_core.shell:Creating environment hook '/home/dakshata/ros2_ws/install/turtlebot3_gazebo/share/turtlebot3_gazebo/hook/cmake_prefix_path.sh'
[24.319s] Level 1:colcon.colcon_core.environment:checking '/home/dakshata/ros2_ws/install/turtlebot3_gazebo/lib'
[24.319s] Level 1:colcon.colcon_core.environment:checking '/home/dakshata/ros2_ws/install/turtlebot3_gazebo/bin'
[24.319s] Level 1:colcon.colcon_core.environment:checking '/home/dakshata/ros2_ws/install/turtlebot3_gazebo/lib/pkgconfig/turtlebot3_gazebo.pc'
[24.320s] Level 1:colcon.colcon_core.environment:checking '/home/dakshata/ros2_ws/install/turtlebot3_gazebo/lib/python3.10/site-packages'
[24.320s] Level 1:colcon.colcon_core.environment:checking '/home/dakshata/ros2_ws/install/turtlebot3_gazebo/bin'
[24.320s] INFO:colcon.colcon_core.shell:Creating package script '/home/dakshata/ros2_ws/install/turtlebot3_gazebo/share/turtlebot3_gazebo/package.ps1'
[24.321s] INFO:colcon.colcon_core.shell:Creating package descriptor '/home/dakshata/ros2_ws/install/turtlebot3_gazebo/share/turtlebot3_gazebo/package.dsv'
[24.321s] INFO:colcon.colcon_core.shell:Creating package script '/home/dakshata/ros2_ws/install/turtlebot3_gazebo/share/turtlebot3_gazebo/package.sh'
[24.321s] INFO:colcon.colcon_core.shell:Creating package script '/home/dakshata/ros2_ws/install/turtlebot3_gazebo/share/turtlebot3_gazebo/package.bash'
[24.322s] INFO:colcon.colcon_core.shell:Creating package script '/home/dakshata/ros2_ws/install/turtlebot3_gazebo/share/turtlebot3_gazebo/package.zsh'
[24.322s] Level 1:colcon.colcon_core.environment:create_file_with_runtime_dependencies(/home/dakshata/ros2_ws/install/turtlebot3_gazebo/share/colcon-core/packages/turtlebot3_gazebo)
[24.322s] INFO:colcon.colcon_ros.task.ament_cmake.build:Building ROS package in '/home/dakshata/ros2_ws/src/turtlebot3_simulations/turtlebot3_simulations' with build type 'ament_cmake'
[24.323s] INFO:colcon.colcon_cmake.task.cmake.build:Building CMake package in '/home/dakshata/ros2_ws/src/turtlebot3_simulations/turtlebot3_simulations'
[24.323s] INFO:colcon.colcon_core.shell:Skip shell extension 'powershell' for command environment: Not usable outside of PowerShell
[24.323s] DEBUG:colcon.colcon_core.shell:Skip shell extension 'dsv' for command environment
[24.332s] DEBUG:colcon.colcon_core.event_handler.log_command:Invoking command in '/home/dakshata/ros2_ws/build/turtlebot3_simulations': AMENT_PREFIX_PATH=/home/dakshata/ros2_ws/install/turtlebot3_gazebo:/home/dakshata/ros2_ws/install/turtlebot3_fake_node:${AMENT_PREFIX_PATH} CMAKE_PREFIX_PATH=/home/dakshata/ros2_ws/install/turtlebot3_gazebo:/home/dakshata/ros2_ws/install/turtlebot3_fake_node:/home/dakshata/ros2_ws/install/my_turtlebot3_controller:/opt/ros/humble CONDA_PROMPT_MODIFIER=(base) /usr/bin/cmake /home/dakshata/ros2_ws/src/turtlebot3_simulations/turtlebot3_simulations -DCMAKE_INSTALL_PREFIX=/home/dakshata/ros2_ws/install/turtlebot3_simulations
[25.144s] DEBUG:colcon.colcon_core.event_handler.log_command:Invoked command in '/home/dakshata/ros2_ws/build/turtlebot3_simulations' returned '0': AMENT_PREFIX_PATH=/home/dakshata/ros2_ws/install/turtlebot3_gazebo:/home/dakshata/ros2_ws/install/turtlebot3_fake_node:${AMENT_PREFIX_PATH} CMAKE_PREFIX_PATH=/home/dakshata/ros2_ws/install/turtlebot3_gazebo:/home/dakshata/ros2_ws/install/turtlebot3_fake_node:/home/dakshata/ros2_ws/install/my_turtlebot3_controller:/opt/ros/humble CONDA_PROMPT_MODIFIER=(base) /usr/bin/cmake /home/dakshata/ros2_ws/src/turtlebot3_simulations/turtlebot3_simulations -DCMAKE_INSTALL_PREFIX=/home/dakshata/ros2_ws/install/turtlebot3_simulations
[25.144s] DEBUG:colcon.colcon_core.event_handler.log_command:Invoking command in '/home/dakshata/ros2_ws/build/turtlebot3_simulations': AMENT_PREFIX_PATH=/home/dakshata/ros2_ws/install/turtlebot3_gazebo:/home/dakshata/ros2_ws/install/turtlebot3_fake_node:${AMENT_PREFIX_PATH} CMAKE_PREFIX_PATH=/home/dakshata/ros2_ws/install/turtlebot3_gazebo:/home/dakshata/ros2_ws/install/turtlebot3_fake_node:/home/dakshata/ros2_ws/install/my_turtlebot3_controller:/opt/ros/humble CONDA_PROMPT_MODIFIER=(base) /usr/bin/cmake --build /home/dakshata/ros2_ws/build/turtlebot3_simulations -- -j8 -l8
[25.180s] DEBUG:colcon.colcon_core.event_handler.log_command:Invoked command in '/home/dakshata/ros2_ws/build/turtlebot3_simulations' returned '0': AMENT_PREFIX_PATH=/home/dakshata/ros2_ws/install/turtlebot3_gazebo:/home/dakshata/ros2_ws/install/turtlebot3_fake_node:${AMENT_PREFIX_PATH} CMAKE_PREFIX_PATH=/home/dakshata/ros2_ws/install/turtlebot3_gazebo:/home/dakshata/ros2_ws/install/turtlebot3_fake_node:/home/dakshata/ros2_ws/install/my_turtlebot3_controller:/opt/ros/humble CONDA_PROMPT_MODIFIER=(base) /usr/bin/cmake --build /home/dakshata/ros2_ws/build/turtlebot3_simulations -- -j8 -l8
[25.204s] DEBUG:colcon.colcon_core.event_handler.log_command:Invoking command in '/home/dakshata/ros2_ws/build/turtlebot3_simulations': AMENT_PREFIX_PATH=/home/dakshata/ros2_ws/install/turtlebot3_gazebo:/home/dakshata/ros2_ws/install/turtlebot3_fake_node:${AMENT_PREFIX_PATH} CMAKE_PREFIX_PATH=/home/dakshata/ros2_ws/install/turtlebot3_gazebo:/home/dakshata/ros2_ws/install/turtlebot3_fake_node:/home/dakshata/ros2_ws/install/my_turtlebot3_controller:/opt/ros/humble CONDA_PROMPT_MODIFIER=(base) /usr/bin/cmake --install /home/dakshata/ros2_ws/build/turtlebot3_simulations
[25.215s] Level 1:colcon.colcon_core.environment:create_environment_scripts_only(turtlebot3_simulations)
[25.215s] Level 1:colcon.colcon_core.environment:checking '/home/dakshata/ros2_ws/install/turtlebot3_simulations' for CMake module files
[25.215s] DEBUG:colcon.colcon_core.event_handler.log_command:Invoked command in '/home/dakshata/ros2_ws/build/turtlebot3_simulations' returned '0': AMENT_PREFIX_PATH=/home/dakshata/ros2_ws/install/turtlebot3_gazebo:/home/dakshata/ros2_ws/install/turtlebot3_fake_node:${AMENT_PREFIX_PATH} CMAKE_PREFIX_PATH=/home/dakshata/ros2_ws/install/turtlebot3_gazebo:/home/dakshata/ros2_ws/install/turtlebot3_fake_node:/home/dakshata/ros2_ws/install/my_turtlebot3_controller:/opt/ros/humble CONDA_PROMPT_MODIFIER=(base) /usr/bin/cmake --install /home/dakshata/ros2_ws/build/turtlebot3_simulations
[25.216s] Level 1:colcon.colcon_core.environment:checking '/home/dakshata/ros2_ws/install/turtlebot3_simulations' for CMake config files
[25.216s] Level 1:colcon.colcon_core.shell:create_environment_hook('turtlebot3_simulations', 'cmake_prefix_path')
[25.216s] INFO:colcon.colcon_core.shell:Creating environment hook '/home/dakshata/ros2_ws/install/turtlebot3_simulations/share/turtlebot3_simulations/hook/cmake_prefix_path.ps1'
[25.217s] INFO:colcon.colcon_core.shell:Creating environment descriptor '/home/dakshata/ros2_ws/install/turtlebot3_simulations/share/turtlebot3_simulations/hook/cmake_prefix_path.dsv'
[25.217s] INFO:colcon.colcon_core.shell:Creating environment hook '/home/dakshata/ros2_ws/install/turtlebot3_simulations/share/turtlebot3_simulations/hook/cmake_prefix_path.sh'
[25.217s] Level 1:colcon.colcon_core.environment:checking '/home/dakshata/ros2_ws/install/turtlebot3_simulations/bin'
[25.217s] Level 1:colcon.colcon_core.environment:checking '/home/dakshata/ros2_ws/install/turtlebot3_simulations/lib/pkgconfig/turtlebot3_simulations.pc'
[25.218s] Level 1:colcon.colcon_core.environment:checking '/home/dakshata/ros2_ws/install/turtlebot3_simulations/lib/python3.10/site-packages'
[25.218s] Level 1:colcon.colcon_core.environment:checking '/home/dakshata/ros2_ws/install/turtlebot3_simulations/bin'
[25.218s] INFO:colcon.colcon_core.shell:Creating package script '/home/dakshata/ros2_ws/install/turtlebot3_simulations/share/turtlebot3_simulations/package.ps1'
[25.219s] INFO:colcon.colcon_core.shell:Creating package descriptor '/home/dakshata/ros2_ws/install/turtlebot3_simulations/share/turtlebot3_simulations/package.dsv'
[25.219s] INFO:colcon.colcon_core.shell:Creating package script '/home/dakshata/ros2_ws/install/turtlebot3_simulations/share/turtlebot3_simulations/package.sh'
[25.219s] INFO:colcon.colcon_core.shell:Creating package script '/home/dakshata/ros2_ws/install/turtlebot3_simulations/share/turtlebot3_simulations/package.bash'
[25.220s] INFO:colcon.colcon_core.shell:Creating package script '/home/dakshata/ros2_ws/install/turtlebot3_simulations/share/turtlebot3_simulations/package.zsh'
[25.220s] Level 1:colcon.colcon_core.environment:create_file_with_runtime_dependencies(/home/dakshata/ros2_ws/install/turtlebot3_simulations/share/colcon-core/packages/turtlebot3_simulations)
[25.242s] Level 1:colcon.colcon_core.environment:create_environment_scripts_only(turtlebot3_simulations)
[25.242s] Level 1:colcon.colcon_core.environment:checking '/home/dakshata/ros2_ws/install/turtlebot3_simulations' for CMake module files
[25.243s] Level 1:colcon.colcon_core.environment:checking '/home/dakshata/ros2_ws/install/turtlebot3_simulations' for CMake config files
[25.243s] Level 1:colcon.colcon_core.shell:create_environment_hook('turtlebot3_simulations', 'cmake_prefix_path')
[25.243s] INFO:colcon.colcon_core.shell:Creating environment hook '/home/dakshata/ros2_ws/install/turtlebot3_simulations/share/turtlebot3_simulations/hook/cmake_prefix_path.ps1'
[25.244s] INFO:colcon.colcon_core.shell:Creating environment descriptor '/home/dakshata/ros2_ws/install/turtlebot3_simulations/share/turtlebot3_simulations/hook/cmake_prefix_path.dsv'
[25.244s] INFO:colcon.colcon_core.shell:Creating environment hook '/home/dakshata/ros2_ws/install/turtlebot3_simulations/share/turtlebot3_simulations/hook/cmake_prefix_path.sh'
[25.244s] Level 1:colcon.colcon_core.environment:checking '/home/dakshata/ros2_ws/install/turtlebot3_simulations/bin'
[25.244s] Level 1:colcon.colcon_core.environment:checking '/home/dakshata/ros2_ws/install/turtlebot3_simulations/lib/pkgconfig/turtlebot3_simulations.pc'
[25.245s] Level 1:colcon.colcon_core.environment:checking '/home/dakshata/ros2_ws/install/turtlebot3_simulations/lib/python3.10/site-packages'
[25.245s] Level 1:colcon.colcon_core.environment:checking '/home/dakshata/ros2_ws/install/turtlebot3_simulations/bin'
[25.245s] INFO:colcon.colcon_core.shell:Creating package script '/home/dakshata/ros2_ws/install/turtlebot3_simulations/share/turtlebot3_simulations/package.ps1'
[25.246s] INFO:colcon.colcon_core.shell:Creating package descriptor '/home/dakshata/ros2_ws/install/turtlebot3_simulations/share/turtlebot3_simulations/package.dsv'
[25.246s] INFO:colcon.colcon_core.shell:Creating package script '/home/dakshata/ros2_ws/install/turtlebot3_simulations/share/turtlebot3_simulations/package.sh'
[25.246s] INFO:colcon.colcon_core.shell:Creating package script '/home/dakshata/ros2_ws/install/turtlebot3_simulations/share/turtlebot3_simulations/package.bash'
[25.247s] INFO:colcon.colcon_core.shell:Creating package script '/home/dakshata/ros2_ws/install/turtlebot3_simulations/share/turtlebot3_simulations/package.zsh'
[25.247s] Level 1:colcon.colcon_core.environment:create_file_with_runtime_dependencies(/home/dakshata/ros2_ws/install/turtlebot3_simulations/share/colcon-core/packages/turtlebot3_simulations)
[25.248s] DEBUG:colcon.colcon_parallel_executor.executor.parallel:closing loop
[25.248s] DEBUG:colcon.colcon_parallel_executor.executor.parallel:loop closed
[25.248s] DEBUG:colcon.colcon_parallel_executor.executor.parallel:run_until_complete finished with '0'
[25.248s] DEBUG:colcon.colcon_core.event_reactor:joining thread
[25.255s] INFO:colcon.colcon_core.plugin_system:Skipping extension 'colcon_notification.desktop_notification.terminal_notifier': Not used on non-Darwin systems
[25.255s] INFO:colcon.colcon_core.plugin_system:Skipping extension 'colcon_notification.desktop_notification.win32': Not used on non-Windows systems
[25.255s] INFO:colcon.colcon_notification.desktop_notification:Sending desktop notification using 'notify2'
[25.267s] DEBUG:colcon.colcon_core.event_reactor:joined thread
[25.267s] INFO:colcon.colcon_core.shell:Creating prefix script '/home/dakshata/ros2_ws/install/local_setup.ps1'
[25.268s] INFO:colcon.colcon_core.shell:Creating prefix util module '/home/dakshata/ros2_ws/install/_local_setup_util_ps1.py'
[25.270s] INFO:colcon.colcon_core.shell:Creating prefix chain script '/home/dakshata/ros2_ws/install/setup.ps1'
[25.271s] INFO:colcon.colcon_core.shell:Creating prefix script '/home/dakshata/ros2_ws/install/local_setup.sh'
[25.271s] INFO:colcon.colcon_core.shell:Creating prefix util module '/home/dakshata/ros2_ws/install/_local_setup_util_sh.py'
[25.272s] INFO:colcon.colcon_core.shell:Creating prefix chain script '/home/dakshata/ros2_ws/install/setup.sh'
[25.273s] INFO:colcon.colcon_core.shell:Creating prefix script '/home/dakshata/ros2_ws/install/local_setup.bash'
[25.273s] INFO:colcon.colcon_core.shell:Creating prefix chain script '/home/dakshata/ros2_ws/install/setup.bash'
[25.274s] INFO:colcon.colcon_core.shell:Creating prefix script '/home/dakshata/ros2_ws/install/local_setup.zsh'
[25.274s] INFO:colcon.colcon_core.shell:Creating prefix chain script '/home/dakshata/ros2_ws/install/setup.zsh'
